#
# A fatal error has been detected by the Java Runtime Environment:
#
#  EXCEPTION_ACCESS_VIOLATION (0xc0000005) at pc=0x00007ff94f66b655, pid=13472, tid=12224
#
# JRE version: Java(TM) SE Runtime Environment 18.9 (11.0.8+10) (build 11.0.8+10-LTS)
# Java VM: Java HotSpot(TM) 64-Bit Server VM 18.9 (11.0.8+10-LTS, mixed mode, tiered, compressed oops, g1 gc, windows-amd64)
# Problematic frame:
# V  [jvm.dll+0x1eb655]
#
# No core dump will be written. Minidumps are not enabled by default on client versions of Windows
#
# If you would like to submit a bug report, please visit:
#   https://bugreport.java.com/bugreport/crash.jsp
#

---------------  S U M M A R Y ------------

Command Line: -XX:TieredStopAtLevel=1 -Xverify:none -Dspring.output.ansi.enabled=always -Dcom.sun.management.jmxremote -Dspring.jmx.enabled=true -Dspring.liveBeansView.mbeanDomain -Dspring.application.admin.enabled=true -javaagent:D:\Java\idea-2021.2\idea\IntelliJ IDEA 2021.3.2\lib\idea_rt.jar=52932:D:\Java\idea-2021.2\idea\IntelliJ IDEA 2021.3.2\bin -Dfile.encoding=UTF-8 com.ew.gerocomium.GerocomiumApplication

Host: Intel(R) Core(TM) i7-10510U CPU @ 1.80GHz, 8 cores, 15G,  Windows 10 , 64 bit Build 22621 (10.0.22621.963)
Time: Mon Jan  2 12:31:35 2023 中国标准时间 elapsed time: 9 seconds (0d 0h 0m 9s)

---------------  T H R E A D  ---------------

Current thread (0x0000025af215e800):  ConcurrentGCThread "G1 Conc#0" [stack: 0x0000007296000000,0x0000007296100000] [id=12224]

Stack: [0x0000007296000000,0x0000007296100000],  sp=0x00000072960ff950,  free space=1022k
Native frames: (J=compiled Java code, j=interpreted, Vv=VM code, C=native code)
V  [jvm.dll+0x1eb655]
V  [jvm.dll+0x2da69a]
V  [jvm.dll+0x2e0fb4]
V  [jvm.dll+0x7644f0]
V  [jvm.dll+0x6f845c]
V  [jvm.dll+0x600d66]
C  [ucrtbase.dll+0x29363]
C  [KERNEL32.DLL+0x126bd]
C  [ntdll.dll+0x5dfb8]


siginfo: EXCEPTION_ACCESS_VIOLATION (0xc0000005), reading address 0x0000000000000160


Register to memory mapping:

RIP=0x00007ff94f66b655 jvm.dll
RAX=0x0000025af20ef0c0 points into unknown readable memory: 00 00 00 00 00 00 00 00
RBX=0x0000000712973064 is pointing into object: java.lang.invoke.DirectMethodHandle 
{0x0000000712973050} - klass: 'java/lang/invoke/DirectMethodHandle'
RCX=0x0000000000000014 is an unknown value
RDX=0x0000000000000001 is an unknown value
RSP=0x00000072960ff950 points into unknown readable memory: 60 13 91 12 07 00 00 00
RBP=0x0 is NULL
RSI=0x000000080000c448 is pointing into metadata
RDI=0x0000000602cbed98 is an unknown value
R8 =0x0000000602cbed98 is an unknown value
R9 =0x0 is NULL
R10=0x0 is NULL
R11=0x0000000000000246 is an unknown value
R12=0x0000000000000001 is an unknown value
R13=0x00007ff94fe312e0 jvm.dll
R14=0x000000080000c450 is a pointer to class: 
java.lang.invoke.VarHandle {0x000000080000c458}
R15=0x0000025af214c030 points into unknown readable memory: 00 c8 15 f2 5a 02 00 00


Registers:
RAX=0x0000025af20ef0c0, RBX=0x0000000712973064, RCX=0x0000000000000014, RDX=0x0000000000000001
RSP=0x00000072960ff950, RBP=0x0000000000000000, RSI=0x000000080000c448, RDI=0x0000000602cbed98
R8 =0x0000000602cbed98, R9 =0x0000000000000000, R10=0x0000000000000000, R11=0x0000000000000246
R12=0x0000000000000001, R13=0x00007ff94fe312e0, R14=0x000000080000c450, R15=0x0000025af214c030
RIP=0x00007ff94f66b655, EFLAGS=0x0000000000010203

Top of Stack: (sp=0x00000072960ff950)
0x00000072960ff950:   0000000712911360 0000000000000002
0x00000072960ff960:   00000008000060b8 0000000712a00000
0x00000072960ff970:   0000000712973050 0000000000000001
0x00000072960ff980:   0000000712973070 00007ff94f75a69a
0x00000072960ff990:   000000080000c0e0 0000000712973050
0x00000072960ff9a0:   000000080000c8b0 00000072960ff9f0
0x00000072960ff9b0:   0000007295fff160 0000025af214c0d8
0x00000072960ff9c0:   0000000000000004 00007ff94f760fb4
0x00000072960ff9d0:   000000080000c0e0 0000000712a00000
0x00000072960ff9e0:   0000000712973050 0000000000000000
0x00000072960ff9f0:   00007ff94fcba848 0000000000000000
0x00000072960ffa00:   0000025af20f5d40 0000025af214c030
0x00000072960ffa10:   0000000000000001 00007ff94fbe4a0b
0x00000072960ffa20:   0000000000000000 00000000000075a3
0x00000072960ffa30:   0000000000000000 0000025af215e800
0x00000072960ffa40:   0000000000000000 00007ff94fbe44f0 

Instructions: (pc=0x00007ff94f66b655)
0x00007ff94f66b635:   4d 8b d0 44 8b e2 49 8b e9 49 8b f8 8b 88 c0 02
0x00007ff94f66b645:   00 00 48 8b 80 b0 02 00 00 49 d3 ea 4e 8b 14 d0
0x00007ff94f66b655:   4d 3b 82 60 01 00 00 72 11 32 c0 48 8b 6c 24 58
0x00007ff94f66b665:   48 83 c4 20 41 5f 41 5c 5f c3 49 8b 87 90 00 00 


Stack slot to memory mapping:
stack at sp + 0 slots: 0x0000000712911360 is an oop: org.springframework.util.ConcurrentReferenceHashMap$SoftEntryReference 
{0x0000000712911360} - klass: 'org/springframework/util/ConcurrentReferenceHashMap$SoftEntryReference'
stack at sp + 1 slots: 0x0000000000000002 is an unknown value
stack at sp + 2 slots: 0x00000008000060b8 is a pointer to class: 
java.lang.ref.WeakReference {0x00000008000060c0}
stack at sp + 3 slots: 0x0000000712a00000 is an oop: java.lang.reflect.Constructor 
{0x0000000712a00000} - klass: 'java/lang/reflect/Constructor'
stack at sp + 4 slots: 0x0000000712973050 is an oop: java.lang.invoke.DirectMethodHandle 
{0x0000000712973050} - klass: 'java/lang/invoke/DirectMethodHandle'
stack at sp + 5 slots: 0x0000000000000001 is an unknown value
stack at sp + 6 slots: 0x0000000712973070 is an oop: java.lang.invoke.MemberName 
{0x0000000712973070} - klass: 'java/lang/invoke/MemberName'
stack at sp + 7 slots: 0x00007ff94f75a69a jvm.dll


---------------  P R O C E S S  ---------------

Threads class SMR info:
_java_thread_list=0x0000025a99fa9b20, length=36, elements={
0x0000025a95aeb800, 0x0000025a95af5800, 0x0000025a9640e800, 0x0000025a9640f800,
0x0000025a96412000, 0x0000025a96414000, 0x0000025a96557800, 0x0000025a96a6a000,
0x0000025a96a6e800, 0x0000025a96bcf000, 0x0000025a97e32800, 0x0000025a97edf800,
0x0000025a98432800, 0x0000025a9860e800, 0x0000025a98532800, 0x0000025a98533000,
0x0000025a99f9f800, 0x0000025a99fa2800, 0x0000025a99fa2000, 0x0000025a99f9e800,
0x0000025a99fa4800, 0x0000025a99fa3800, 0x0000025a99fa1000, 0x0000025a99fa5000,
0x0000025a99fa0000, 0x0000025a9a513000, 0x0000025a9a511800, 0x0000025a9a510000,
0x0000025a9a510800, 0x0000025a9a50f000, 0x0000025a9a512800, 0x0000025a9a514000,
0x0000025a9a50e800, 0x0000025a9a516800, 0x0000025a9a51a800, 0x0000025a9a515000
}

Java Threads: ( => current thread )
  0x0000025a95aeb800 JavaThread "Reference Handler" daemon [_thread_blocked, id=1072, stack(0x0000007296400000,0x0000007296500000)]
  0x0000025a95af5800 JavaThread "Finalizer" daemon [_thread_blocked, id=5380, stack(0x0000007296500000,0x0000007296600000)]
  0x0000025a9640e800 JavaThread "Signal Dispatcher" daemon [_thread_blocked, id=15568, stack(0x0000007296600000,0x0000007296700000)]
  0x0000025a9640f800 JavaThread "Attach Listener" daemon [_thread_blocked, id=5440, stack(0x0000007296700000,0x0000007296800000)]
  0x0000025a96412000 JavaThread "C1 CompilerThread0" daemon [_thread_blocked, id=12460, stack(0x0000007296800000,0x0000007296900000)]
  0x0000025a96414000 JavaThread "Sweeper thread" daemon [_thread_in_vm, id=16000, stack(0x0000007296900000,0x0000007296a00000)]
  0x0000025a96557800 JavaThread "Common-Cleaner" daemon [_thread_blocked, id=10576, stack(0x0000007296a00000,0x0000007296b00000)]
  0x0000025a96a6a000 JavaThread "Monitor Ctrl-Break" daemon [_thread_in_native, id=14036, stack(0x0000007296b00000,0x0000007296c00000)]
  0x0000025a96a6e800 JavaThread "Service Thread" daemon [_thread_blocked, id=10064, stack(0x0000007296c00000,0x0000007296d00000)]
  0x0000025a96bcf000 JavaThread "RMI TCP Accept-0" daemon [_thread_in_native, id=10352, stack(0x0000007296d00000,0x0000007296e00000)]
  0x0000025a97e32800 JavaThread "RMI TCP Connection(4)-192.168.1.5" daemon [_thread_in_native, id=9804, stack(0x0000007297600000,0x0000007297700000)]
  0x0000025a97edf800 JavaThread "RMI Scheduler(0)" daemon [_thread_blocked, id=12368, stack(0x0000007297400000,0x0000007297500000)]
  0x0000025a98432800 JavaThread "commons-pool-evictor" daemon [_thread_blocked, id=15812, stack(0x0000007297700000,0x0000007297800000)]
  0x0000025a9860e800 JavaThread "Catalina-utility-1" [_thread_blocked, id=9636, stack(0x0000007297800000,0x0000007297900000)]
  0x0000025a98532800 JavaThread "Catalina-utility-2" [_thread_blocked, id=13612, stack(0x0000007297900000,0x0000007297a00000)]
  0x0000025a98533000 JavaThread "container-0" [_thread_blocked, id=12996, stack(0x0000007297a00000,0x0000007297b00000)]
  0x0000025a99f9f800 JavaThread "mysql-cj-abandoned-connection-cleanup" daemon [_thread_blocked, id=8020, stack(0x0000007297b00000,0x0000007297c00000)]
  0x0000025a99fa2800 JavaThread "Druid-ConnectionPool-Create-1896062177" daemon [_thread_blocked, id=360, stack(0x0000007297c00000,0x0000007297d00000)]
  0x0000025a99fa2000 JavaThread "Druid-ConnectionPool-Destroy-1896062177" daemon [_thread_blocked, id=5892, stack(0x0000007297d00000,0x0000007297e00000)]
  0x0000025a99f9e800 JavaThread "quartzScheduler_Worker-1" [_thread_blocked, id=9552, stack(0x0000007298000000,0x0000007298100000)]
  0x0000025a99fa4800 JavaThread "quartzScheduler_Worker-2" [_thread_blocked, id=11152, stack(0x0000007298100000,0x0000007298200000)]
  0x0000025a99fa3800 JavaThread "quartzScheduler_Worker-3" [_thread_blocked, id=14944, stack(0x0000007298200000,0x0000007298300000)]
  0x0000025a99fa1000 JavaThread "quartzScheduler_Worker-4" [_thread_blocked, id=1612, stack(0x0000007298300000,0x0000007298400000)]
  0x0000025a99fa5000 JavaThread "quartzScheduler_Worker-5" [_thread_blocked, id=3836, stack(0x0000007298400000,0x0000007298500000)]
  0x0000025a99fa0000 JavaThread "quartzScheduler_Worker-6" [_thread_blocked, id=15404, stack(0x0000007298500000,0x0000007298600000)]
  0x0000025a9a513000 JavaThread "quartzScheduler_Worker-7" [_thread_blocked, id=8132, stack(0x0000007298600000,0x0000007298700000)]
  0x0000025a9a511800 JavaThread "quartzScheduler_Worker-8" [_thread_blocked, id=1692, stack(0x0000007298700000,0x0000007298800000)]
  0x0000025a9a510000 JavaThread "quartzScheduler_Worker-9" [_thread_blocked, id=8012, stack(0x0000007298800000,0x0000007298900000)]
  0x0000025a9a510800 JavaThread "quartzScheduler_Worker-10" [_thread_blocked, id=2168, stack(0x0000007298900000,0x0000007298a00000)]
  0x0000025a9a50f000 JavaThread "quartzScheduler_QuartzSchedulerThread" [_thread_blocked, id=15996, stack(0x0000007298a00000,0x0000007298b00000)]
  0x0000025a9a512800 JavaThread "http-nio-9001-Poller" daemon [_thread_in_native, id=5860, stack(0x0000007298b00000,0x0000007298c00000)]
  0x0000025a9a514000 JavaThread "http-nio-9001-Acceptor" daemon [_thread_in_native, id=16140, stack(0x0000007298c00000,0x0000007298d00000)]
  0x0000025a9a50e800 JavaThread "DestroyJavaVM" [_thread_blocked, id=3824, stack(0x0000007295d00000,0x0000007295e00000)]
  0x0000025a9a516800 JavaThread "RMI TCP Connection(idle)" daemon [_thread_blocked, id=15784, stack(0x0000007298d00000,0x0000007298e00000)]
  0x0000025a9a51a800 JavaThread "RMI TCP Connection(idle)" daemon [_thread_blocked, id=8468, stack(0x0000007298e00000,0x0000007298f00000)]
  0x0000025a9a515000 JavaThread "http-nio-9001-exec-1" daemon [_thread_blocked, id=9268, stack(0x0000007298f00000,0x0000007299000000)]

Other Threads:
  0x0000025a95ae9800 VMThread "VM Thread" [stack: 0x0000007296300000,0x0000007296400000] [id=14868]
  0x0000025a96bd1000 WatcherThread [stack: 0x0000007296e00000,0x0000007296f00000] [id=1416]
  0x0000025af20fd800 GCTaskThread "GC Thread#0" [stack: 0x0000007295e00000,0x0000007295f00000] [id=2100]
  0x0000025a96e20000 GCTaskThread "GC Thread#1" [stack: 0x0000007296f00000,0x0000007297000000] [id=3612]
  0x0000025a97723800 GCTaskThread "GC Thread#2" [stack: 0x0000007297000000,0x0000007297100000] [id=3916]
  0x0000025a97724000 GCTaskThread "GC Thread#3" [stack: 0x0000007297100000,0x0000007297200000] [id=15384]
  0x0000025a97731000 GCTaskThread "GC Thread#4" [stack: 0x0000007297200000,0x0000007297300000] [id=11316]
  0x0000025a97732000 GCTaskThread "GC Thread#5" [stack: 0x0000007297300000,0x0000007297400000] [id=4896]
  0x0000025a9a1fc000 GCTaskThread "GC Thread#6" [stack: 0x0000007297e00000,0x0000007297f00000] [id=7544]
  0x0000025a9a1fd000 GCTaskThread "GC Thread#7" [stack: 0x0000007297f00000,0x0000007298000000] [id=11156]
  0x0000025af215c800 ConcurrentGCThread "G1 Main Marker" [stack: 0x0000007295f00000,0x0000007296000000] [id=7664]
=>0x0000025af215e800 ConcurrentGCThread "G1 Conc#0" [stack: 0x0000007296000000,0x0000007296100000] [id=12224]
  0x0000025a97875000 ConcurrentGCThread "G1 Conc#1" [stack: 0x0000007297500000,0x0000007297600000] [id=10728]
  0x0000025a959cf800 ConcurrentGCThread "G1 Refine#0" [stack: 0x0000007296100000,0x0000007296200000] [id=8284]
  0x0000025a959d2800 ConcurrentGCThread "G1 Young RemSet Sampling" [stack: 0x0000007296200000,0x0000007296300000] [id=13132]

Threads with active compile tasks:

VM state:not at safepoint (normal execution)

VM Mutex/Monitor currently owned by a thread:  ([mutex/lock_event])
[0x0000025af20e5d00] CompiledIC_lock - owner thread: 0x0000025a96414000

Heap address: 0x0000000702800000, size: 4056 MB, Compressed Oops mode: Zero based, Oop shift amount: 3
Narrow klass base: 0x0000000800000000, Narrow klass shift: 0
Compressed class space size: 1073741824 Address: 0x0000000800000000

Heap:
 garbage-first heap   total 374784K, used 40733K [0x0000000702800000, 0x0000000800000000)
  region size 1024K, 17 young (17408K), 13 survivors (13312K)
 Metaspace       used 58789K, capacity 61111K, committed 61428K, reserved 1101824K
  class space    used 7394K, capacity 8310K, committed 8376K, reserved 1048576K
Heap Regions: E=young(eden), S=young(survivor), O=old, HS=humongous(starts), HC=humongous(continues), CS=collection set, F=free, A=archive, TAMS=top-at-mark-start (previous, next)
|   0|0x0000000702800000, 0x0000000702900000, 0x0000000702900000|100%| O|  |TAMS 0x0000000702900000, 0x0000000702900000| Untracked 
|   1|0x0000000702900000, 0x0000000702a00000, 0x0000000702a00000|100%| O|  |TAMS 0x0000000702a00000, 0x0000000702a00000| Untracked 
|   2|0x0000000702a00000, 0x0000000702b00000, 0x0000000702b00000|100%| O|  |TAMS 0x0000000702b00000, 0x0000000702b00000| Untracked 
|   3|0x0000000702b00000, 0x0000000702c00000, 0x0000000702c00000|100%| O|  |TAMS 0x0000000702c00000, 0x0000000702c00000| Untracked 
|   4|0x0000000702c00000, 0x0000000702d00000, 0x0000000702d00000|100%| O|  |TAMS 0x0000000702d00000, 0x0000000702d00000| Untracked 
|   5|0x0000000702d00000, 0x0000000702e00000, 0x0000000702e00000|100%| O|  |TAMS 0x0000000702e00000, 0x0000000702e00000| Untracked 
|   6|0x0000000702e00000, 0x0000000702f00000, 0x0000000702f00000|100%| O|  |TAMS 0x0000000702f00000, 0x0000000702f00000| Untracked 
|   7|0x0000000702f00000, 0x0000000703000000, 0x0000000703000000|100%| O|  |TAMS 0x0000000702f3c000, 0x0000000703000000| Untracked 
|   8|0x0000000703000000, 0x0000000703100000, 0x0000000703100000|100%| O|  |TAMS 0x0000000703000000, 0x0000000703100000| Untracked 
|   9|0x0000000703100000, 0x0000000703200000, 0x0000000703200000|100%| O|  |TAMS 0x0000000703100000, 0x0000000703200000| Untracked 
|  10|0x0000000703200000, 0x0000000703300000, 0x0000000703300000|100%| O|  |TAMS 0x0000000703200000, 0x0000000703300000| Untracked 
|  11|0x0000000703300000, 0x0000000703400000, 0x0000000703400000|100%| O|  |TAMS 0x0000000703300000, 0x0000000703400000| Untracked 
|  12|0x0000000703400000, 0x0000000703500000, 0x0000000703500000|100%| O|  |TAMS 0x0000000703400000, 0x0000000703500000| Untracked 
|  13|0x0000000703500000, 0x0000000703600000, 0x0000000703600000|100%| O|  |TAMS 0x0000000703500000, 0x0000000703600000| Untracked 
|  14|0x0000000703600000, 0x0000000703700000, 0x0000000703700000|100%| O|  |TAMS 0x0000000703600000, 0x0000000703700000| Untracked 
|  15|0x0000000703700000, 0x0000000703800000, 0x0000000703800000|100%| O|  |TAMS 0x0000000703700000, 0x0000000703800000| Untracked 
|  16|0x0000000703800000, 0x0000000703900000, 0x0000000703900000|100%| O|  |TAMS 0x0000000703800000, 0x0000000703900000| Untracked 
|  17|0x0000000703900000, 0x0000000703a00000, 0x0000000703a00000|100%| O|  |TAMS 0x0000000703900000, 0x0000000703a00000| Untracked 
|  18|0x0000000703a00000, 0x0000000703b00000, 0x0000000703b00000|100%| O|  |TAMS 0x0000000703a00000, 0x0000000703b00000| Untracked 
|  19|0x0000000703b00000, 0x0000000703c00000, 0x0000000703c00000|100%| O|  |TAMS 0x0000000703b00000, 0x0000000703c00000| Untracked 
|  20|0x0000000703c00000, 0x0000000703d00000, 0x0000000703d00000|100%| O|  |TAMS 0x0000000703c00000, 0x0000000703d00000| Untracked 
|  21|0x0000000703d00000, 0x0000000703e00000, 0x0000000703e00000|100%| O|  |TAMS 0x0000000703d00000, 0x0000000703e00000| Untracked 
|  22|0x0000000703e00000, 0x0000000703f00000, 0x0000000703f00000|100%| O|  |TAMS 0x0000000703e00000, 0x0000000703f00000| Untracked 
|  23|0x0000000703f00000, 0x0000000703fc7600, 0x0000000704000000| 77%| O|  |TAMS 0x0000000703f00000, 0x0000000703fc7600| Untracked 
|  24|0x0000000704000000, 0x0000000704000000, 0x0000000704100000|  0%| F|  |TAMS 0x0000000704000000, 0x0000000704000000| Untracked 
|  25|0x0000000704100000, 0x0000000704100000, 0x0000000704200000|  0%| F|  |TAMS 0x0000000704100000, 0x0000000704100000| Untracked 
|  26|0x0000000704200000, 0x0000000704200000, 0x0000000704300000|  0%| F|  |TAMS 0x0000000704200000, 0x0000000704200000| Untracked 
|  27|0x0000000704300000, 0x0000000704300000, 0x0000000704400000|  0%| F|  |TAMS 0x0000000704300000, 0x0000000704300000| Untracked 
|  28|0x0000000704400000, 0x0000000704400000, 0x0000000704500000|  0%| F|  |TAMS 0x0000000704400000, 0x0000000704400000| Untracked 
|  29|0x0000000704500000, 0x0000000704500000, 0x0000000704600000|  0%| F|  |TAMS 0x0000000704500000, 0x0000000704500000| Untracked 
|  30|0x0000000704600000, 0x0000000704600000, 0x0000000704700000|  0%| F|  |TAMS 0x0000000704600000, 0x0000000704600000| Untracked 
|  31|0x0000000704700000, 0x0000000704700000, 0x0000000704800000|  0%| F|  |TAMS 0x0000000704700000, 0x0000000704700000| Untracked 
|  32|0x0000000704800000, 0x0000000704800000, 0x0000000704900000|  0%| F|  |TAMS 0x0000000704800000, 0x0000000704800000| Untracked 
|  33|0x0000000704900000, 0x0000000704900000, 0x0000000704a00000|  0%| F|  |TAMS 0x0000000704900000, 0x0000000704900000| Untracked 
|  34|0x0000000704a00000, 0x0000000704a00000, 0x0000000704b00000|  0%| F|  |TAMS 0x0000000704a00000, 0x0000000704a00000| Untracked 
|  35|0x0000000704b00000, 0x0000000704b00000, 0x0000000704c00000|  0%| F|  |TAMS 0x0000000704b00000, 0x0000000704b00000| Untracked 
|  36|0x0000000704c00000, 0x0000000704c00000, 0x0000000704d00000|  0%| F|  |TAMS 0x0000000704c00000, 0x0000000704c00000| Untracked 
|  37|0x0000000704d00000, 0x0000000704d00000, 0x0000000704e00000|  0%| F|  |TAMS 0x0000000704d00000, 0x0000000704d00000| Untracked 
|  38|0x0000000704e00000, 0x0000000704e00000, 0x0000000704f00000|  0%| F|  |TAMS 0x0000000704e00000, 0x0000000704e00000| Untracked 
|  39|0x0000000704f00000, 0x0000000704f00000, 0x0000000705000000|  0%| F|  |TAMS 0x0000000704f00000, 0x0000000704f00000| Untracked 
|  40|0x0000000705000000, 0x0000000705000000, 0x0000000705100000|  0%| F|  |TAMS 0x0000000705000000, 0x0000000705000000| Untracked 
|  41|0x0000000705100000, 0x0000000705100000, 0x0000000705200000|  0%| F|  |TAMS 0x0000000705100000, 0x0000000705100000| Untracked 
|  42|0x0000000705200000, 0x0000000705200000, 0x0000000705300000|  0%| F|  |TAMS 0x0000000705200000, 0x0000000705200000| Untracked 
|  43|0x0000000705300000, 0x0000000705300000, 0x0000000705400000|  0%| F|  |TAMS 0x0000000705300000, 0x0000000705300000| Untracked 
|  44|0x0000000705400000, 0x0000000705400000, 0x0000000705500000|  0%| F|  |TAMS 0x0000000705400000, 0x0000000705400000| Untracked 
|  45|0x0000000705500000, 0x0000000705500000, 0x0000000705600000|  0%| F|  |TAMS 0x0000000705500000, 0x0000000705500000| Untracked 
|  46|0x0000000705600000, 0x0000000705600000, 0x0000000705700000|  0%| F|  |TAMS 0x0000000705600000, 0x0000000705600000| Untracked 
|  47|0x0000000705700000, 0x0000000705700000, 0x0000000705800000|  0%| F|  |TAMS 0x0000000705700000, 0x0000000705700000| Untracked 
|  48|0x0000000705800000, 0x0000000705800000, 0x0000000705900000|  0%| F|  |TAMS 0x0000000705800000, 0x0000000705800000| Untracked 
|  49|0x0000000705900000, 0x0000000705900000, 0x0000000705a00000|  0%| F|  |TAMS 0x0000000705900000, 0x0000000705900000| Untracked 
|  50|0x0000000705a00000, 0x0000000705a00000, 0x0000000705b00000|  0%| F|  |TAMS 0x0000000705a00000, 0x0000000705a00000| Untracked 
|  51|0x0000000705b00000, 0x0000000705b00000, 0x0000000705c00000|  0%| F|  |TAMS 0x0000000705b00000, 0x0000000705b00000| Untracked 
|  52|0x0000000705c00000, 0x0000000705c00000, 0x0000000705d00000|  0%| F|  |TAMS 0x0000000705c00000, 0x0000000705c00000| Untracked 
|  53|0x0000000705d00000, 0x0000000705d00000, 0x0000000705e00000|  0%| F|  |TAMS 0x0000000705d00000, 0x0000000705d00000| Untracked 
|  54|0x0000000705e00000, 0x0000000705e00000, 0x0000000705f00000|  0%| F|  |TAMS 0x0000000705e00000, 0x0000000705e00000| Untracked 
|  55|0x0000000705f00000, 0x0000000705f00000, 0x0000000706000000|  0%| F|  |TAMS 0x0000000705f00000, 0x0000000705f00000| Untracked 
|  56|0x0000000706000000, 0x0000000706000000, 0x0000000706100000|  0%| F|  |TAMS 0x0000000706000000, 0x0000000706000000| Untracked 
|  57|0x0000000706100000, 0x0000000706100000, 0x0000000706200000|  0%| F|  |TAMS 0x0000000706100000, 0x0000000706100000| Untracked 
|  58|0x0000000706200000, 0x0000000706200000, 0x0000000706300000|  0%| F|  |TAMS 0x0000000706200000, 0x0000000706200000| Untracked 
|  59|0x0000000706300000, 0x0000000706300000, 0x0000000706400000|  0%| F|  |TAMS 0x0000000706300000, 0x0000000706300000| Untracked 
|  60|0x0000000706400000, 0x0000000706400000, 0x0000000706500000|  0%| F|  |TAMS 0x0000000706400000, 0x0000000706400000| Untracked 
|  61|0x0000000706500000, 0x0000000706500000, 0x0000000706600000|  0%| F|  |TAMS 0x0000000706500000, 0x0000000706500000| Untracked 
|  62|0x0000000706600000, 0x0000000706600000, 0x0000000706700000|  0%| F|  |TAMS 0x0000000706600000, 0x0000000706600000| Untracked 
|  63|0x0000000706700000, 0x0000000706700000, 0x0000000706800000|  0%| F|  |TAMS 0x0000000706700000, 0x0000000706700000| Untracked 
|  64|0x0000000706800000, 0x0000000706800000, 0x0000000706900000|  0%| F|  |TAMS 0x0000000706800000, 0x0000000706800000| Untracked 
|  65|0x0000000706900000, 0x0000000706900000, 0x0000000706a00000|  0%| F|  |TAMS 0x0000000706900000, 0x0000000706900000| Untracked 
|  66|0x0000000706a00000, 0x0000000706a00000, 0x0000000706b00000|  0%| F|  |TAMS 0x0000000706a00000, 0x0000000706a00000| Untracked 
|  67|0x0000000706b00000, 0x0000000706b00000, 0x0000000706c00000|  0%| F|  |TAMS 0x0000000706b00000, 0x0000000706b00000| Untracked 
|  68|0x0000000706c00000, 0x0000000706c00000, 0x0000000706d00000|  0%| F|  |TAMS 0x0000000706c00000, 0x0000000706c00000| Untracked 
|  69|0x0000000706d00000, 0x0000000706d00000, 0x0000000706e00000|  0%| F|  |TAMS 0x0000000706d00000, 0x0000000706d00000| Untracked 
|  70|0x0000000706e00000, 0x0000000706e00000, 0x0000000706f00000|  0%| F|  |TAMS 0x0000000706e00000, 0x0000000706e00000| Untracked 
|  71|0x0000000706f00000, 0x0000000706f00000, 0x0000000707000000|  0%| F|  |TAMS 0x0000000706f00000, 0x0000000706f00000| Untracked 
|  72|0x0000000707000000, 0x0000000707000000, 0x0000000707100000|  0%| F|  |TAMS 0x0000000707000000, 0x0000000707000000| Untracked 
|  73|0x0000000707100000, 0x0000000707100000, 0x0000000707200000|  0%| F|  |TAMS 0x0000000707100000, 0x0000000707100000| Untracked 
|  74|0x0000000707200000, 0x0000000707200000, 0x0000000707300000|  0%| F|  |TAMS 0x0000000707200000, 0x0000000707200000| Untracked 
|  75|0x0000000707300000, 0x0000000707300000, 0x0000000707400000|  0%| F|  |TAMS 0x0000000707300000, 0x0000000707300000| Untracked 
|  76|0x0000000707400000, 0x0000000707400000, 0x0000000707500000|  0%| F|  |TAMS 0x0000000707400000, 0x0000000707400000| Untracked 
|  77|0x0000000707500000, 0x0000000707500000, 0x0000000707600000|  0%| F|  |TAMS 0x0000000707500000, 0x0000000707500000| Untracked 
|  78|0x0000000707600000, 0x0000000707600000, 0x0000000707700000|  0%| F|  |TAMS 0x0000000707600000, 0x0000000707600000| Untracked 
|  79|0x0000000707700000, 0x0000000707700000, 0x0000000707800000|  0%| F|  |TAMS 0x0000000707700000, 0x0000000707700000| Untracked 
|  80|0x0000000707800000, 0x0000000707800000, 0x0000000707900000|  0%| F|  |TAMS 0x0000000707800000, 0x0000000707800000| Untracked 
|  81|0x0000000707900000, 0x0000000707900000, 0x0000000707a00000|  0%| F|  |TAMS 0x0000000707900000, 0x0000000707900000| Untracked 
|  82|0x0000000707a00000, 0x0000000707a00000, 0x0000000707b00000|  0%| F|  |TAMS 0x0000000707a00000, 0x0000000707a00000| Untracked 
|  83|0x0000000707b00000, 0x0000000707b00000, 0x0000000707c00000|  0%| F|  |TAMS 0x0000000707b00000, 0x0000000707b00000| Untracked 
|  84|0x0000000707c00000, 0x0000000707c00000, 0x0000000707d00000|  0%| F|  |TAMS 0x0000000707c00000, 0x0000000707c00000| Untracked 
|  85|0x0000000707d00000, 0x0000000707d00000, 0x0000000707e00000|  0%| F|  |TAMS 0x0000000707d00000, 0x0000000707d00000| Untracked 
|  86|0x0000000707e00000, 0x0000000707e00000, 0x0000000707f00000|  0%| F|  |TAMS 0x0000000707e00000, 0x0000000707e00000| Untracked 
|  87|0x0000000707f00000, 0x0000000707f00000, 0x0000000708000000|  0%| F|  |TAMS 0x0000000707f00000, 0x0000000707f00000| Untracked 
|  88|0x0000000708000000, 0x0000000708000000, 0x0000000708100000|  0%| F|  |TAMS 0x0000000708000000, 0x0000000708000000| Untracked 
|  89|0x0000000708100000, 0x0000000708100000, 0x0000000708200000|  0%| F|  |TAMS 0x0000000708100000, 0x0000000708100000| Untracked 
|  90|0x0000000708200000, 0x0000000708200000, 0x0000000708300000|  0%| F|  |TAMS 0x0000000708200000, 0x0000000708200000| Untracked 
|  91|0x0000000708300000, 0x0000000708300000, 0x0000000708400000|  0%| F|  |TAMS 0x0000000708300000, 0x0000000708300000| Untracked 
|  92|0x0000000708400000, 0x0000000708400000, 0x0000000708500000|  0%| F|  |TAMS 0x0000000708400000, 0x0000000708400000| Untracked 
|  93|0x0000000708500000, 0x0000000708500000, 0x0000000708600000|  0%| F|  |TAMS 0x0000000708500000, 0x0000000708500000| Untracked 
|  94|0x0000000708600000, 0x0000000708600000, 0x0000000708700000|  0%| F|  |TAMS 0x0000000708600000, 0x0000000708600000| Untracked 
|  95|0x0000000708700000, 0x0000000708700000, 0x0000000708800000|  0%| F|  |TAMS 0x0000000708700000, 0x0000000708700000| Untracked 
|  96|0x0000000708800000, 0x0000000708800000, 0x0000000708900000|  0%| F|  |TAMS 0x0000000708800000, 0x0000000708800000| Untracked 
|  97|0x0000000708900000, 0x0000000708900000, 0x0000000708a00000|  0%| F|  |TAMS 0x0000000708900000, 0x0000000708900000| Untracked 
|  98|0x0000000708a00000, 0x0000000708a00000, 0x0000000708b00000|  0%| F|  |TAMS 0x0000000708a00000, 0x0000000708a00000| Untracked 
|  99|0x0000000708b00000, 0x0000000708b00000, 0x0000000708c00000|  0%| F|  |TAMS 0x0000000708b00000, 0x0000000708b00000| Untracked 
| 100|0x0000000708c00000, 0x0000000708c00000, 0x0000000708d00000|  0%| F|  |TAMS 0x0000000708c00000, 0x0000000708c00000| Untracked 
| 101|0x0000000708d00000, 0x0000000708d00000, 0x0000000708e00000|  0%| F|  |TAMS 0x0000000708d00000, 0x0000000708d00000| Untracked 
| 102|0x0000000708e00000, 0x0000000708e00000, 0x0000000708f00000|  0%| F|  |TAMS 0x0000000708e00000, 0x0000000708e00000| Untracked 
| 103|0x0000000708f00000, 0x0000000708f00000, 0x0000000709000000|  0%| F|  |TAMS 0x0000000708f00000, 0x0000000708f00000| Untracked 
| 104|0x0000000709000000, 0x0000000709000000, 0x0000000709100000|  0%| F|  |TAMS 0x0000000709000000, 0x0000000709000000| Untracked 
| 105|0x0000000709100000, 0x0000000709100000, 0x0000000709200000|  0%| F|  |TAMS 0x0000000709100000, 0x0000000709100000| Untracked 
| 106|0x0000000709200000, 0x0000000709200000, 0x0000000709300000|  0%| F|  |TAMS 0x0000000709200000, 0x0000000709200000| Untracked 
| 107|0x0000000709300000, 0x0000000709300000, 0x0000000709400000|  0%| F|  |TAMS 0x0000000709300000, 0x0000000709300000| Untracked 
| 108|0x0000000709400000, 0x0000000709400000, 0x0000000709500000|  0%| F|  |TAMS 0x0000000709400000, 0x0000000709400000| Untracked 
| 109|0x0000000709500000, 0x0000000709500000, 0x0000000709600000|  0%| F|  |TAMS 0x0000000709500000, 0x0000000709500000| Untracked 
| 110|0x0000000709600000, 0x0000000709600000, 0x0000000709700000|  0%| F|  |TAMS 0x0000000709600000, 0x0000000709600000| Untracked 
| 111|0x0000000709700000, 0x0000000709700000, 0x0000000709800000|  0%| F|  |TAMS 0x0000000709700000, 0x0000000709700000| Untracked 
| 112|0x0000000709800000, 0x0000000709800000, 0x0000000709900000|  0%| F|  |TAMS 0x0000000709800000, 0x0000000709800000| Untracked 
| 113|0x0000000709900000, 0x0000000709900000, 0x0000000709a00000|  0%| F|  |TAMS 0x0000000709900000, 0x0000000709900000| Untracked 
| 114|0x0000000709a00000, 0x0000000709a00000, 0x0000000709b00000|  0%| F|  |TAMS 0x0000000709a00000, 0x0000000709a00000| Untracked 
| 115|0x0000000709b00000, 0x0000000709b00000, 0x0000000709c00000|  0%| F|  |TAMS 0x0000000709b00000, 0x0000000709b00000| Untracked 
| 116|0x0000000709c00000, 0x0000000709c00000, 0x0000000709d00000|  0%| F|  |TAMS 0x0000000709c00000, 0x0000000709c00000| Untracked 
| 117|0x0000000709d00000, 0x0000000709d00000, 0x0000000709e00000|  0%| F|  |TAMS 0x0000000709d00000, 0x0000000709d00000| Untracked 
| 118|0x0000000709e00000, 0x0000000709e00000, 0x0000000709f00000|  0%| F|  |TAMS 0x0000000709e00000, 0x0000000709e00000| Untracked 
| 119|0x0000000709f00000, 0x0000000709f00000, 0x000000070a000000|  0%| F|  |TAMS 0x0000000709f00000, 0x0000000709f00000| Untracked 
| 120|0x000000070a000000, 0x000000070a000000, 0x000000070a100000|  0%| F|  |TAMS 0x000000070a000000, 0x000000070a000000| Untracked 
| 121|0x000000070a100000, 0x000000070a100000, 0x000000070a200000|  0%| F|  |TAMS 0x000000070a100000, 0x000000070a100000| Untracked 
| 122|0x000000070a200000, 0x000000070a200000, 0x000000070a300000|  0%| F|  |TAMS 0x000000070a200000, 0x000000070a200000| Untracked 
| 123|0x000000070a300000, 0x000000070a300000, 0x000000070a400000|  0%| F|  |TAMS 0x000000070a300000, 0x000000070a300000| Untracked 
| 124|0x000000070a400000, 0x000000070a400000, 0x000000070a500000|  0%| F|  |TAMS 0x000000070a400000, 0x000000070a400000| Untracked 
| 125|0x000000070a500000, 0x000000070a500000, 0x000000070a600000|  0%| F|  |TAMS 0x000000070a500000, 0x000000070a500000| Untracked 
| 126|0x000000070a600000, 0x000000070a600000, 0x000000070a700000|  0%| F|  |TAMS 0x000000070a600000, 0x000000070a600000| Untracked 
| 127|0x000000070a700000, 0x000000070a700000, 0x000000070a800000|  0%| F|  |TAMS 0x000000070a700000, 0x000000070a700000| Untracked 
| 128|0x000000070a800000, 0x000000070a800000, 0x000000070a900000|  0%| F|  |TAMS 0x000000070a800000, 0x000000070a800000| Untracked 
| 129|0x000000070a900000, 0x000000070a900000, 0x000000070aa00000|  0%| F|  |TAMS 0x000000070a900000, 0x000000070a900000| Untracked 
| 130|0x000000070aa00000, 0x000000070aa00000, 0x000000070ab00000|  0%| F|  |TAMS 0x000000070aa00000, 0x000000070aa00000| Untracked 
| 131|0x000000070ab00000, 0x000000070ab00000, 0x000000070ac00000|  0%| F|  |TAMS 0x000000070ab00000, 0x000000070ab00000| Untracked 
| 132|0x000000070ac00000, 0x000000070ac00000, 0x000000070ad00000|  0%| F|  |TAMS 0x000000070ac00000, 0x000000070ac00000| Untracked 
| 133|0x000000070ad00000, 0x000000070ad00000, 0x000000070ae00000|  0%| F|  |TAMS 0x000000070ad00000, 0x000000070ad00000| Untracked 
| 134|0x000000070ae00000, 0x000000070ae00000, 0x000000070af00000|  0%| F|  |TAMS 0x000000070ae00000, 0x000000070ae00000| Untracked 
| 135|0x000000070af00000, 0x000000070af00000, 0x000000070b000000|  0%| F|  |TAMS 0x000000070af00000, 0x000000070af00000| Untracked 
| 136|0x000000070b000000, 0x000000070b000000, 0x000000070b100000|  0%| F|  |TAMS 0x000000070b000000, 0x000000070b000000| Untracked 
| 137|0x000000070b100000, 0x000000070b100000, 0x000000070b200000|  0%| F|  |TAMS 0x000000070b100000, 0x000000070b100000| Untracked 
| 138|0x000000070b200000, 0x000000070b200000, 0x000000070b300000|  0%| F|  |TAMS 0x000000070b200000, 0x000000070b200000| Untracked 
| 139|0x000000070b300000, 0x000000070b300000, 0x000000070b400000|  0%| F|  |TAMS 0x000000070b300000, 0x000000070b300000| Untracked 
| 140|0x000000070b400000, 0x000000070b400000, 0x000000070b500000|  0%| F|  |TAMS 0x000000070b400000, 0x000000070b400000| Untracked 
| 141|0x000000070b500000, 0x000000070b500000, 0x000000070b600000|  0%| F|  |TAMS 0x000000070b500000, 0x000000070b500000| Untracked 
| 142|0x000000070b600000, 0x000000070b600000, 0x000000070b700000|  0%| F|  |TAMS 0x000000070b600000, 0x000000070b600000| Untracked 
| 143|0x000000070b700000, 0x000000070b700000, 0x000000070b800000|  0%| F|  |TAMS 0x000000070b700000, 0x000000070b700000| Untracked 
| 144|0x000000070b800000, 0x000000070b800000, 0x000000070b900000|  0%| F|  |TAMS 0x000000070b800000, 0x000000070b800000| Untracked 
| 145|0x000000070b900000, 0x000000070b900000, 0x000000070ba00000|  0%| F|  |TAMS 0x000000070b900000, 0x000000070b900000| Untracked 
| 146|0x000000070ba00000, 0x000000070ba00000, 0x000000070bb00000|  0%| F|  |TAMS 0x000000070ba00000, 0x000000070ba00000| Untracked 
| 147|0x000000070bb00000, 0x000000070bb00000, 0x000000070bc00000|  0%| F|  |TAMS 0x000000070bb00000, 0x000000070bb00000| Untracked 
| 148|0x000000070bc00000, 0x000000070bc00000, 0x000000070bd00000|  0%| F|  |TAMS 0x000000070bc00000, 0x000000070bc00000| Untracked 
| 149|0x000000070bd00000, 0x000000070bd00000, 0x000000070be00000|  0%| F|  |TAMS 0x000000070bd00000, 0x000000070bd00000| Untracked 
| 150|0x000000070be00000, 0x000000070be00000, 0x000000070bf00000|  0%| F|  |TAMS 0x000000070be00000, 0x000000070be00000| Untracked 
| 151|0x000000070bf00000, 0x000000070bf00000, 0x000000070c000000|  0%| F|  |TAMS 0x000000070bf00000, 0x000000070bf00000| Untracked 
| 152|0x000000070c000000, 0x000000070c000000, 0x000000070c100000|  0%| F|  |TAMS 0x000000070c000000, 0x000000070c000000| Untracked 
| 153|0x000000070c100000, 0x000000070c100000, 0x000000070c200000|  0%| F|  |TAMS 0x000000070c100000, 0x000000070c100000| Untracked 
| 154|0x000000070c200000, 0x000000070c200000, 0x000000070c300000|  0%| F|  |TAMS 0x000000070c200000, 0x000000070c200000| Untracked 
| 155|0x000000070c300000, 0x000000070c300000, 0x000000070c400000|  0%| F|  |TAMS 0x000000070c300000, 0x000000070c300000| Untracked 
| 156|0x000000070c400000, 0x000000070c400000, 0x000000070c500000|  0%| F|  |TAMS 0x000000070c400000, 0x000000070c400000| Untracked 
| 157|0x000000070c500000, 0x000000070c500000, 0x000000070c600000|  0%| F|  |TAMS 0x000000070c500000, 0x000000070c500000| Untracked 
| 158|0x000000070c600000, 0x000000070c600000, 0x000000070c700000|  0%| F|  |TAMS 0x000000070c600000, 0x000000070c600000| Untracked 
| 159|0x000000070c700000, 0x000000070c700000, 0x000000070c800000|  0%| F|  |TAMS 0x000000070c700000, 0x000000070c700000| Untracked 
| 160|0x000000070c800000, 0x000000070c800000, 0x000000070c900000|  0%| F|  |TAMS 0x000000070c800000, 0x000000070c800000| Untracked 
| 161|0x000000070c900000, 0x000000070c900000, 0x000000070ca00000|  0%| F|  |TAMS 0x000000070c900000, 0x000000070c900000| Untracked 
| 162|0x000000070ca00000, 0x000000070ca00000, 0x000000070cb00000|  0%| F|  |TAMS 0x000000070ca00000, 0x000000070ca00000| Untracked 
| 163|0x000000070cb00000, 0x000000070cb00000, 0x000000070cc00000|  0%| F|  |TAMS 0x000000070cb00000, 0x000000070cb00000| Untracked 
| 164|0x000000070cc00000, 0x000000070cc00000, 0x000000070cd00000|  0%| F|  |TAMS 0x000000070cc00000, 0x000000070cc00000| Untracked 
| 165|0x000000070cd00000, 0x000000070cd00000, 0x000000070ce00000|  0%| F|  |TAMS 0x000000070cd00000, 0x000000070cd00000| Untracked 
| 166|0x000000070ce00000, 0x000000070ce00000, 0x000000070cf00000|  0%| F|  |TAMS 0x000000070ce00000, 0x000000070ce00000| Untracked 
| 167|0x000000070cf00000, 0x000000070cf00000, 0x000000070d000000|  0%| F|  |TAMS 0x000000070cf00000, 0x000000070cf00000| Untracked 
| 168|0x000000070d000000, 0x000000070d000000, 0x000000070d100000|  0%| F|  |TAMS 0x000000070d000000, 0x000000070d000000| Untracked 
| 169|0x000000070d100000, 0x000000070d100000, 0x000000070d200000|  0%| F|  |TAMS 0x000000070d100000, 0x000000070d100000| Untracked 
| 170|0x000000070d200000, 0x000000070d200000, 0x000000070d300000|  0%| F|  |TAMS 0x000000070d200000, 0x000000070d200000| Untracked 
| 171|0x000000070d300000, 0x000000070d300000, 0x000000070d400000|  0%| F|  |TAMS 0x000000070d300000, 0x000000070d300000| Untracked 
| 172|0x000000070d400000, 0x000000070d400000, 0x000000070d500000|  0%| F|  |TAMS 0x000000070d400000, 0x000000070d400000| Untracked 
| 173|0x000000070d500000, 0x000000070d500000, 0x000000070d600000|  0%| F|  |TAMS 0x000000070d500000, 0x000000070d500000| Untracked 
| 174|0x000000070d600000, 0x000000070d600000, 0x000000070d700000|  0%| F|  |TAMS 0x000000070d600000, 0x000000070d600000| Untracked 
| 175|0x000000070d700000, 0x000000070d700000, 0x000000070d800000|  0%| F|  |TAMS 0x000000070d700000, 0x000000070d700000| Untracked 
| 176|0x000000070d800000, 0x000000070d800000, 0x000000070d900000|  0%| F|  |TAMS 0x000000070d800000, 0x000000070d800000| Untracked 
| 177|0x000000070d900000, 0x000000070d900000, 0x000000070da00000|  0%| F|  |TAMS 0x000000070d900000, 0x000000070d900000| Untracked 
| 178|0x000000070da00000, 0x000000070da00000, 0x000000070db00000|  0%| F|  |TAMS 0x000000070da00000, 0x000000070da00000| Untracked 
| 179|0x000000070db00000, 0x000000070db00000, 0x000000070dc00000|  0%| F|  |TAMS 0x000000070db00000, 0x000000070db00000| Untracked 
| 180|0x000000070dc00000, 0x000000070dc00000, 0x000000070dd00000|  0%| F|  |TAMS 0x000000070dc00000, 0x000000070dc00000| Untracked 
| 181|0x000000070dd00000, 0x000000070dd00000, 0x000000070de00000|  0%| F|  |TAMS 0x000000070dd00000, 0x000000070dd00000| Untracked 
| 182|0x000000070de00000, 0x000000070de00000, 0x000000070df00000|  0%| F|  |TAMS 0x000000070de00000, 0x000000070de00000| Untracked 
| 183|0x000000070df00000, 0x000000070df00000, 0x000000070e000000|  0%| F|  |TAMS 0x000000070df00000, 0x000000070df00000| Untracked 
| 184|0x000000070e000000, 0x000000070e000000, 0x000000070e100000|  0%| F|  |TAMS 0x000000070e000000, 0x000000070e000000| Untracked 
| 185|0x000000070e100000, 0x000000070e100000, 0x000000070e200000|  0%| F|  |TAMS 0x000000070e100000, 0x000000070e100000| Untracked 
| 186|0x000000070e200000, 0x000000070e200000, 0x000000070e300000|  0%| F|  |TAMS 0x000000070e200000, 0x000000070e200000| Untracked 
| 187|0x000000070e300000, 0x000000070e300000, 0x000000070e400000|  0%| F|  |TAMS 0x000000070e300000, 0x000000070e300000| Untracked 
| 188|0x000000070e400000, 0x000000070e400000, 0x000000070e500000|  0%| F|  |TAMS 0x000000070e400000, 0x000000070e400000| Untracked 
| 189|0x000000070e500000, 0x000000070e500000, 0x000000070e600000|  0%| F|  |TAMS 0x000000070e500000, 0x000000070e500000| Untracked 
| 190|0x000000070e600000, 0x000000070e600000, 0x000000070e700000|  0%| F|  |TAMS 0x000000070e600000, 0x000000070e600000| Untracked 
| 191|0x000000070e700000, 0x000000070e700000, 0x000000070e800000|  0%| F|  |TAMS 0x000000070e700000, 0x000000070e700000| Untracked 
| 192|0x000000070e800000, 0x000000070e800000, 0x000000070e900000|  0%| F|  |TAMS 0x000000070e800000, 0x000000070e800000| Untracked 
| 193|0x000000070e900000, 0x000000070e900000, 0x000000070ea00000|  0%| F|  |TAMS 0x000000070e900000, 0x000000070e900000| Untracked 
| 194|0x000000070ea00000, 0x000000070ea00000, 0x000000070eb00000|  0%| F|  |TAMS 0x000000070ea00000, 0x000000070ea00000| Untracked 
| 195|0x000000070eb00000, 0x000000070eb00000, 0x000000070ec00000|  0%| F|  |TAMS 0x000000070eb00000, 0x000000070eb00000| Untracked 
| 196|0x000000070ec00000, 0x000000070ec00000, 0x000000070ed00000|  0%| F|  |TAMS 0x000000070ec00000, 0x000000070ec00000| Untracked 
| 197|0x000000070ed00000, 0x000000070ed00000, 0x000000070ee00000|  0%| F|  |TAMS 0x000000070ed00000, 0x000000070ed00000| Untracked 
| 198|0x000000070ee00000, 0x000000070ee00000, 0x000000070ef00000|  0%| F|  |TAMS 0x000000070ee00000, 0x000000070ee00000| Untracked 
| 199|0x000000070ef00000, 0x000000070ef00000, 0x000000070f000000|  0%| F|  |TAMS 0x000000070ef00000, 0x000000070ef00000| Untracked 
| 200|0x000000070f000000, 0x000000070f000000, 0x000000070f100000|  0%| F|  |TAMS 0x000000070f000000, 0x000000070f000000| Untracked 
| 201|0x000000070f100000, 0x000000070f100000, 0x000000070f200000|  0%| F|  |TAMS 0x000000070f100000, 0x000000070f100000| Untracked 
| 202|0x000000070f200000, 0x000000070f200000, 0x000000070f300000|  0%| F|  |TAMS 0x000000070f200000, 0x000000070f200000| Untracked 
| 203|0x000000070f300000, 0x000000070f300000, 0x000000070f400000|  0%| F|  |TAMS 0x000000070f300000, 0x000000070f300000| Untracked 
| 204|0x000000070f400000, 0x000000070f400000, 0x000000070f500000|  0%| F|  |TAMS 0x000000070f400000, 0x000000070f400000| Untracked 
| 205|0x000000070f500000, 0x000000070f500000, 0x000000070f600000|  0%| F|  |TAMS 0x000000070f500000, 0x000000070f500000| Untracked 
| 206|0x000000070f600000, 0x000000070f600000, 0x000000070f700000|  0%| F|  |TAMS 0x000000070f600000, 0x000000070f600000| Untracked 
| 207|0x000000070f700000, 0x000000070f700000, 0x000000070f800000|  0%| F|  |TAMS 0x000000070f700000, 0x000000070f700000| Untracked 
| 208|0x000000070f800000, 0x000000070f800000, 0x000000070f900000|  0%| F|  |TAMS 0x000000070f800000, 0x000000070f800000| Untracked 
| 209|0x000000070f900000, 0x000000070f900000, 0x000000070fa00000|  0%| F|  |TAMS 0x000000070f900000, 0x000000070f900000| Untracked 
| 210|0x000000070fa00000, 0x000000070fa00000, 0x000000070fb00000|  0%| F|  |TAMS 0x000000070fa00000, 0x000000070fa00000| Untracked 
| 211|0x000000070fb00000, 0x000000070fb00000, 0x000000070fc00000|  0%| F|  |TAMS 0x000000070fb00000, 0x000000070fb00000| Untracked 
| 212|0x000000070fc00000, 0x000000070fc00000, 0x000000070fd00000|  0%| F|  |TAMS 0x000000070fc00000, 0x000000070fc00000| Untracked 
| 213|0x000000070fd00000, 0x000000070fd00000, 0x000000070fe00000|  0%| F|  |TAMS 0x000000070fd00000, 0x000000070fd00000| Untracked 
| 214|0x000000070fe00000, 0x000000070fe00000, 0x000000070ff00000|  0%| F|  |TAMS 0x000000070fe00000, 0x000000070fe00000| Untracked 
| 215|0x000000070ff00000, 0x000000070ff00000, 0x0000000710000000|  0%| F|  |TAMS 0x000000070ff00000, 0x000000070ff00000| Untracked 
| 216|0x0000000710000000, 0x0000000710000000, 0x0000000710100000|  0%| F|  |TAMS 0x0000000710000000, 0x0000000710000000| Untracked 
| 217|0x0000000710100000, 0x0000000710100000, 0x0000000710200000|  0%| F|  |TAMS 0x0000000710100000, 0x0000000710100000| Untracked 
| 218|0x0000000710200000, 0x0000000710200000, 0x0000000710300000|  0%| F|  |TAMS 0x0000000710200000, 0x0000000710200000| Untracked 
| 219|0x0000000710300000, 0x0000000710300000, 0x0000000710400000|  0%| F|  |TAMS 0x0000000710300000, 0x0000000710300000| Untracked 
| 220|0x0000000710400000, 0x0000000710400000, 0x0000000710500000|  0%| F|  |TAMS 0x0000000710400000, 0x0000000710400000| Untracked 
| 221|0x0000000710500000, 0x0000000710500000, 0x0000000710600000|  0%| F|  |TAMS 0x0000000710500000, 0x0000000710500000| Untracked 
| 222|0x0000000710600000, 0x0000000710600000, 0x0000000710700000|  0%| F|  |TAMS 0x0000000710600000, 0x0000000710600000| Untracked 
| 223|0x0000000710700000, 0x0000000710700000, 0x0000000710800000|  0%| F|  |TAMS 0x0000000710700000, 0x0000000710700000| Untracked 
| 224|0x0000000710800000, 0x0000000710800000, 0x0000000710900000|  0%| F|  |TAMS 0x0000000710800000, 0x0000000710800000| Untracked 
| 225|0x0000000710900000, 0x0000000710900000, 0x0000000710a00000|  0%| F|  |TAMS 0x0000000710900000, 0x0000000710900000| Untracked 
| 226|0x0000000710a00000, 0x0000000710a00000, 0x0000000710b00000|  0%| F|  |TAMS 0x0000000710a00000, 0x0000000710a00000| Untracked 
| 227|0x0000000710b00000, 0x0000000710b00000, 0x0000000710c00000|  0%| F|  |TAMS 0x0000000710b00000, 0x0000000710b00000| Untracked 
| 228|0x0000000710c00000, 0x0000000710c00000, 0x0000000710d00000|  0%| F|  |TAMS 0x0000000710c00000, 0x0000000710c00000| Untracked 
| 229|0x0000000710d00000, 0x0000000710d00000, 0x0000000710e00000|  0%| F|  |TAMS 0x0000000710d00000, 0x0000000710d00000| Untracked 
| 230|0x0000000710e00000, 0x0000000710e00000, 0x0000000710f00000|  0%| F|  |TAMS 0x0000000710e00000, 0x0000000710e00000| Untracked 
| 231|0x0000000710f00000, 0x0000000710f00000, 0x0000000711000000|  0%| F|  |TAMS 0x0000000710f00000, 0x0000000710f00000| Untracked 
| 232|0x0000000711000000, 0x0000000711000000, 0x0000000711100000|  0%| F|  |TAMS 0x0000000711000000, 0x0000000711000000| Untracked 
| 233|0x0000000711100000, 0x0000000711100000, 0x0000000711200000|  0%| F|  |TAMS 0x0000000711100000, 0x0000000711100000| Untracked 
| 234|0x0000000711200000, 0x0000000711200000, 0x0000000711300000|  0%| F|  |TAMS 0x0000000711200000, 0x0000000711200000| Untracked 
| 235|0x0000000711300000, 0x0000000711300000, 0x0000000711400000|  0%| F|  |TAMS 0x0000000711300000, 0x0000000711300000| Untracked 
| 236|0x0000000711400000, 0x0000000711400000, 0x0000000711500000|  0%| F|  |TAMS 0x0000000711400000, 0x0000000711400000| Untracked 
| 237|0x0000000711500000, 0x0000000711500000, 0x0000000711600000|  0%| F|  |TAMS 0x0000000711500000, 0x0000000711500000| Untracked 
| 238|0x0000000711600000, 0x0000000711600000, 0x0000000711700000|  0%| F|  |TAMS 0x0000000711600000, 0x0000000711600000| Untracked 
| 239|0x0000000711700000, 0x0000000711700000, 0x0000000711800000|  0%| F|  |TAMS 0x0000000711700000, 0x0000000711700000| Untracked 
| 240|0x0000000711800000, 0x0000000711800000, 0x0000000711900000|  0%| F|  |TAMS 0x0000000711800000, 0x0000000711800000| Untracked 
| 241|0x0000000711900000, 0x0000000711900000, 0x0000000711a00000|  0%| F|  |TAMS 0x0000000711900000, 0x0000000711900000| Untracked 
| 242|0x0000000711a00000, 0x0000000711a00000, 0x0000000711b00000|  0%| F|  |TAMS 0x0000000711a00000, 0x0000000711a00000| Untracked 
| 243|0x0000000711b00000, 0x0000000711b00000, 0x0000000711c00000|  0%| F|  |TAMS 0x0000000711b00000, 0x0000000711b00000| Untracked 
| 244|0x0000000711c00000, 0x0000000711c00000, 0x0000000711d00000|  0%| F|  |TAMS 0x0000000711c00000, 0x0000000711c00000| Untracked 
| 245|0x0000000711d00000, 0x0000000711d00000, 0x0000000711e00000|  0%| F|  |TAMS 0x0000000711d00000, 0x0000000711d00000| Untracked 
| 246|0x0000000711e00000, 0x0000000711e00000, 0x0000000711f00000|  0%| F|  |TAMS 0x0000000711e00000, 0x0000000711e00000| Untracked 
| 247|0x0000000711f00000, 0x0000000711f00000, 0x0000000712000000|  0%| F|  |TAMS 0x0000000711f00000, 0x0000000711f00000| Untracked 
| 248|0x0000000712000000, 0x0000000712000000, 0x0000000712100000|  0%| F|  |TAMS 0x0000000712000000, 0x0000000712000000| Untracked 
| 249|0x0000000712100000, 0x0000000712100000, 0x0000000712200000|  0%| F|  |TAMS 0x0000000712100000, 0x0000000712100000| Untracked 
| 250|0x0000000712200000, 0x0000000712200000, 0x0000000712300000|  0%| F|  |TAMS 0x0000000712200000, 0x0000000712200000| Untracked 
| 251|0x0000000712300000, 0x0000000712300000, 0x0000000712400000|  0%| F|  |TAMS 0x0000000712300000, 0x0000000712300000| Untracked 
| 252|0x0000000712400000, 0x0000000712400000, 0x0000000712500000|  0%| F|  |TAMS 0x0000000712400000, 0x0000000712400000| Untracked 
| 253|0x0000000712500000, 0x0000000712600000, 0x0000000712600000|100%| S|CS|TAMS 0x0000000712500000, 0x0000000712500000| Complete 
| 254|0x0000000712600000, 0x0000000712700000, 0x0000000712700000|100%| S|CS|TAMS 0x0000000712600000, 0x0000000712600000| Complete 
| 255|0x0000000712700000, 0x0000000712800000, 0x0000000712800000|100%| S|CS|TAMS 0x0000000712700000, 0x0000000712700000| Complete 
| 256|0x0000000712800000, 0x0000000712900000, 0x0000000712900000|100%| S|CS|TAMS 0x0000000712800000, 0x0000000712800000| Complete 
| 257|0x0000000712900000, 0x0000000712a00000, 0x0000000712a00000|100%| S|CS|TAMS 0x0000000712900000, 0x0000000712900000| Complete 
| 258|0x0000000712a00000, 0x0000000712b00000, 0x0000000712b00000|100%| S|CS|TAMS 0x0000000712a00000, 0x0000000712a00000| Complete 
| 259|0x0000000712b00000, 0x0000000712c00000, 0x0000000712c00000|100%| S|CS|TAMS 0x0000000712b00000, 0x0000000712b00000| Complete 
| 260|0x0000000712c00000, 0x0000000712d00000, 0x0000000712d00000|100%| S|CS|TAMS 0x0000000712c00000, 0x0000000712c00000| Complete 
| 261|0x0000000712d00000, 0x0000000712e00000, 0x0000000712e00000|100%| S|CS|TAMS 0x0000000712d00000, 0x0000000712d00000| Complete 
| 262|0x0000000712e00000, 0x0000000712f00000, 0x0000000712f00000|100%| S|CS|TAMS 0x0000000712e00000, 0x0000000712e00000| Complete 
| 263|0x0000000712f00000, 0x0000000713000000, 0x0000000713000000|100%| S|CS|TAMS 0x0000000712f00000, 0x0000000712f00000| Complete 
| 264|0x0000000713000000, 0x0000000713100000, 0x0000000713100000|100%| S|CS|TAMS 0x0000000713000000, 0x0000000713000000| Complete 
| 265|0x0000000713100000, 0x0000000713200000, 0x0000000713200000|100%| S|CS|TAMS 0x0000000713100000, 0x0000000713100000| Complete 
| 266|0x0000000713200000, 0x0000000713200000, 0x0000000713300000|  0%| F|  |TAMS 0x0000000713200000, 0x0000000713200000| Untracked 
| 267|0x0000000713300000, 0x0000000713300000, 0x0000000713400000|  0%| F|  |TAMS 0x0000000713300000, 0x0000000713300000| Untracked 
| 268|0x0000000713400000, 0x0000000713400000, 0x0000000713500000|  0%| F|  |TAMS 0x0000000713400000, 0x0000000713400000| Untracked 
| 269|0x0000000713500000, 0x0000000713500000, 0x0000000713600000|  0%| F|  |TAMS 0x0000000713500000, 0x0000000713500000| Untracked 
| 270|0x0000000713600000, 0x0000000713600000, 0x0000000713700000|  0%| F|  |TAMS 0x0000000713600000, 0x0000000713600000| Untracked 
| 271|0x0000000713700000, 0x0000000713700000, 0x0000000713800000|  0%| F|  |TAMS 0x0000000713700000, 0x0000000713700000| Untracked 
| 272|0x0000000713800000, 0x0000000713800000, 0x0000000713900000|  0%| F|  |TAMS 0x0000000713800000, 0x0000000713800000| Untracked 
| 273|0x0000000713900000, 0x0000000713900000, 0x0000000713a00000|  0%| F|  |TAMS 0x0000000713900000, 0x0000000713900000| Untracked 
| 274|0x0000000713a00000, 0x0000000713a00000, 0x0000000713b00000|  0%| F|  |TAMS 0x0000000713a00000, 0x0000000713a00000| Untracked 
| 275|0x0000000713b00000, 0x0000000713b00000, 0x0000000713c00000|  0%| F|  |TAMS 0x0000000713b00000, 0x0000000713b00000| Untracked 
| 276|0x0000000713c00000, 0x0000000713c00000, 0x0000000713d00000|  0%| F|  |TAMS 0x0000000713c00000, 0x0000000713c00000| Untracked 
| 277|0x0000000713d00000, 0x0000000713d00000, 0x0000000713e00000|  0%| F|  |TAMS 0x0000000713d00000, 0x0000000713d00000| Untracked 
| 278|0x0000000713e00000, 0x0000000713e00000, 0x0000000713f00000|  0%| F|  |TAMS 0x0000000713e00000, 0x0000000713e00000| Untracked 
| 279|0x0000000713f00000, 0x0000000713f00000, 0x0000000714000000|  0%| F|  |TAMS 0x0000000713f00000, 0x0000000713f00000| Untracked 
| 280|0x0000000714000000, 0x0000000714000000, 0x0000000714100000|  0%| F|  |TAMS 0x0000000714000000, 0x0000000714000000| Untracked 
| 281|0x0000000714100000, 0x0000000714100000, 0x0000000714200000|  0%| F|  |TAMS 0x0000000714100000, 0x0000000714100000| Untracked 
| 282|0x0000000714200000, 0x0000000714200000, 0x0000000714300000|  0%| F|  |TAMS 0x0000000714200000, 0x0000000714200000| Untracked 
| 283|0x0000000714300000, 0x0000000714300000, 0x0000000714400000|  0%| F|  |TAMS 0x0000000714300000, 0x0000000714300000| Untracked 
| 284|0x0000000714400000, 0x0000000714400000, 0x0000000714500000|  0%| F|  |TAMS 0x0000000714400000, 0x0000000714400000| Untracked 
| 285|0x0000000714500000, 0x0000000714500000, 0x0000000714600000|  0%| F|  |TAMS 0x0000000714500000, 0x0000000714500000| Untracked 
| 286|0x0000000714600000, 0x0000000714600000, 0x0000000714700000|  0%| F|  |TAMS 0x0000000714600000, 0x0000000714600000| Untracked 
| 287|0x0000000714700000, 0x0000000714700000, 0x0000000714800000|  0%| F|  |TAMS 0x0000000714700000, 0x0000000714700000| Untracked 
| 288|0x0000000714800000, 0x0000000714800000, 0x0000000714900000|  0%| F|  |TAMS 0x0000000714800000, 0x0000000714800000| Untracked 
| 289|0x0000000714900000, 0x0000000714900000, 0x0000000714a00000|  0%| F|  |TAMS 0x0000000714900000, 0x0000000714900000| Untracked 
| 290|0x0000000714a00000, 0x0000000714a00000, 0x0000000714b00000|  0%| F|  |TAMS 0x0000000714a00000, 0x0000000714a00000| Untracked 
| 291|0x0000000714b00000, 0x0000000714b00000, 0x0000000714c00000|  0%| F|  |TAMS 0x0000000714b00000, 0x0000000714b00000| Untracked 
| 292|0x0000000714c00000, 0x0000000714c00000, 0x0000000714d00000|  0%| F|  |TAMS 0x0000000714c00000, 0x0000000714c00000| Untracked 
| 293|0x0000000714d00000, 0x0000000714d00000, 0x0000000714e00000|  0%| F|  |TAMS 0x0000000714d00000, 0x0000000714d00000| Untracked 
| 294|0x0000000714e00000, 0x0000000714e00000, 0x0000000714f00000|  0%| F|  |TAMS 0x0000000714e00000, 0x0000000714e00000| Untracked 
| 295|0x0000000714f00000, 0x0000000714f00000, 0x0000000715000000|  0%| F|  |TAMS 0x0000000714f00000, 0x0000000714f00000| Untracked 
| 296|0x0000000715000000, 0x0000000715000000, 0x0000000715100000|  0%| F|  |TAMS 0x0000000715000000, 0x0000000715000000| Untracked 
| 297|0x0000000715100000, 0x0000000715100000, 0x0000000715200000|  0%| F|  |TAMS 0x0000000715100000, 0x0000000715100000| Untracked 
| 298|0x0000000715200000, 0x0000000715200000, 0x0000000715300000|  0%| F|  |TAMS 0x0000000715200000, 0x0000000715200000| Untracked 
| 299|0x0000000715300000, 0x0000000715300000, 0x0000000715400000|  0%| F|  |TAMS 0x0000000715300000, 0x0000000715300000| Untracked 
| 300|0x0000000715400000, 0x0000000715400000, 0x0000000715500000|  0%| F|  |TAMS 0x0000000715400000, 0x0000000715400000| Untracked 
| 301|0x0000000715500000, 0x0000000715500000, 0x0000000715600000|  0%| F|  |TAMS 0x0000000715500000, 0x0000000715500000| Untracked 
| 302|0x0000000715600000, 0x0000000715600000, 0x0000000715700000|  0%| F|  |TAMS 0x0000000715600000, 0x0000000715600000| Untracked 
| 303|0x0000000715700000, 0x0000000715700000, 0x0000000715800000|  0%| F|  |TAMS 0x0000000715700000, 0x0000000715700000| Untracked 
| 304|0x0000000715800000, 0x0000000715800000, 0x0000000715900000|  0%| F|  |TAMS 0x0000000715800000, 0x0000000715800000| Untracked 
| 305|0x0000000715900000, 0x0000000715900000, 0x0000000715a00000|  0%| F|  |TAMS 0x0000000715900000, 0x0000000715900000| Untracked 
| 306|0x0000000715a00000, 0x0000000715a00000, 0x0000000715b00000|  0%| F|  |TAMS 0x0000000715a00000, 0x0000000715a00000| Untracked 
| 307|0x0000000715b00000, 0x0000000715b00000, 0x0000000715c00000|  0%| F|  |TAMS 0x0000000715b00000, 0x0000000715b00000| Untracked 
| 308|0x0000000715c00000, 0x0000000715c00000, 0x0000000715d00000|  0%| F|  |TAMS 0x0000000715c00000, 0x0000000715c00000| Untracked 
| 309|0x0000000715d00000, 0x0000000715d00000, 0x0000000715e00000|  0%| F|  |TAMS 0x0000000715d00000, 0x0000000715d00000| Untracked 
| 310|0x0000000715e00000, 0x0000000715e00000, 0x0000000715f00000|  0%| F|  |TAMS 0x0000000715e00000, 0x0000000715e00000| Untracked 
| 311|0x0000000715f00000, 0x0000000715f00000, 0x0000000716000000|  0%| F|  |TAMS 0x0000000715f00000, 0x0000000715f00000| Untracked 
| 312|0x0000000716000000, 0x0000000716000000, 0x0000000716100000|  0%| F|  |TAMS 0x0000000716000000, 0x0000000716000000| Untracked 
| 313|0x0000000716100000, 0x0000000716100000, 0x0000000716200000|  0%| F|  |TAMS 0x0000000716100000, 0x0000000716100000| Untracked 
| 314|0x0000000716200000, 0x0000000716200000, 0x0000000716300000|  0%| F|  |TAMS 0x0000000716200000, 0x0000000716200000| Untracked 
| 315|0x0000000716300000, 0x0000000716300000, 0x0000000716400000|  0%| F|  |TAMS 0x0000000716300000, 0x0000000716300000| Untracked 
| 316|0x0000000716400000, 0x0000000716400000, 0x0000000716500000|  0%| F|  |TAMS 0x0000000716400000, 0x0000000716400000| Untracked 
| 317|0x0000000716500000, 0x0000000716500000, 0x0000000716600000|  0%| F|  |TAMS 0x0000000716500000, 0x0000000716500000| Untracked 
| 318|0x0000000716600000, 0x0000000716600000, 0x0000000716700000|  0%| F|  |TAMS 0x0000000716600000, 0x0000000716600000| Untracked 
| 319|0x0000000716700000, 0x0000000716700000, 0x0000000716800000|  0%| F|  |TAMS 0x0000000716700000, 0x0000000716700000| Untracked 
| 320|0x0000000716800000, 0x0000000716800000, 0x0000000716900000|  0%| F|  |TAMS 0x0000000716800000, 0x0000000716800000| Untracked 
| 321|0x0000000716900000, 0x0000000716900000, 0x0000000716a00000|  0%| F|  |TAMS 0x0000000716900000, 0x0000000716900000| Untracked 
| 322|0x0000000716a00000, 0x0000000716a00000, 0x0000000716b00000|  0%| F|  |TAMS 0x0000000716a00000, 0x0000000716a00000| Untracked 
| 323|0x0000000716b00000, 0x0000000716b00000, 0x0000000716c00000|  0%| F|  |TAMS 0x0000000716b00000, 0x0000000716b00000| Untracked 
| 324|0x0000000716c00000, 0x0000000716c00000, 0x0000000716d00000|  0%| F|  |TAMS 0x0000000716c00000, 0x0000000716c00000| Untracked 
| 325|0x0000000716d00000, 0x0000000716d00000, 0x0000000716e00000|  0%| F|  |TAMS 0x0000000716d00000, 0x0000000716d00000| Untracked 
| 326|0x0000000716e00000, 0x0000000716e00000, 0x0000000716f00000|  0%| F|  |TAMS 0x0000000716e00000, 0x0000000716e00000| Untracked 
| 327|0x0000000716f00000, 0x0000000716f00000, 0x0000000717000000|  0%| F|  |TAMS 0x0000000716f00000, 0x0000000716f00000| Untracked 
| 328|0x0000000717000000, 0x0000000717000000, 0x0000000717100000|  0%| F|  |TAMS 0x0000000717000000, 0x0000000717000000| Untracked 
| 329|0x0000000717100000, 0x0000000717100000, 0x0000000717200000|  0%| F|  |TAMS 0x0000000717100000, 0x0000000717100000| Untracked 
| 330|0x0000000717200000, 0x0000000717200000, 0x0000000717300000|  0%| F|  |TAMS 0x0000000717200000, 0x0000000717200000| Untracked 
| 331|0x0000000717300000, 0x0000000717300000, 0x0000000717400000|  0%| F|  |TAMS 0x0000000717300000, 0x0000000717300000| Untracked 
| 332|0x0000000717400000, 0x0000000717400000, 0x0000000717500000|  0%| F|  |TAMS 0x0000000717400000, 0x0000000717400000| Untracked 
| 333|0x0000000717500000, 0x0000000717500000, 0x0000000717600000|  0%| F|  |TAMS 0x0000000717500000, 0x0000000717500000| Untracked 
| 334|0x0000000717600000, 0x0000000717600000, 0x0000000717700000|  0%| F|  |TAMS 0x0000000717600000, 0x0000000717600000| Untracked 
| 335|0x0000000717700000, 0x0000000717700000, 0x0000000717800000|  0%| F|  |TAMS 0x0000000717700000, 0x0000000717700000| Untracked 
| 336|0x0000000717800000, 0x0000000717800000, 0x0000000717900000|  0%| F|  |TAMS 0x0000000717800000, 0x0000000717800000| Untracked 
| 337|0x0000000717900000, 0x0000000717900000, 0x0000000717a00000|  0%| F|  |TAMS 0x0000000717900000, 0x0000000717900000| Untracked 
| 338|0x0000000717a00000, 0x0000000717a00000, 0x0000000717b00000|  0%| F|  |TAMS 0x0000000717a00000, 0x0000000717a00000| Untracked 
| 339|0x0000000717b00000, 0x0000000717b00000, 0x0000000717c00000|  0%| F|  |TAMS 0x0000000717b00000, 0x0000000717b00000| Untracked 
| 340|0x0000000717c00000, 0x0000000717c00000, 0x0000000717d00000|  0%| F|  |TAMS 0x0000000717c00000, 0x0000000717c00000| Untracked 
| 341|0x0000000717d00000, 0x0000000717d00000, 0x0000000717e00000|  0%| F|  |TAMS 0x0000000717d00000, 0x0000000717d00000| Untracked 
| 342|0x0000000717e00000, 0x0000000717e00000, 0x0000000717f00000|  0%| F|  |TAMS 0x0000000717e00000, 0x0000000717e00000| Untracked 
| 343|0x0000000717f00000, 0x0000000717f00000, 0x0000000718000000|  0%| F|  |TAMS 0x0000000717f00000, 0x0000000717f00000| Untracked 
| 344|0x0000000718000000, 0x0000000718000000, 0x0000000718100000|  0%| F|  |TAMS 0x0000000718000000, 0x0000000718000000| Untracked 
| 345|0x0000000718100000, 0x0000000718100000, 0x0000000718200000|  0%| F|  |TAMS 0x0000000718100000, 0x0000000718100000| Untracked 
| 346|0x0000000718200000, 0x0000000718200000, 0x0000000718300000|  0%| F|  |TAMS 0x0000000718200000, 0x0000000718200000| Untracked 
| 347|0x0000000718300000, 0x0000000718300000, 0x0000000718400000|  0%| F|  |TAMS 0x0000000718300000, 0x0000000718300000| Untracked 
| 348|0x0000000718400000, 0x0000000718400000, 0x0000000718500000|  0%| F|  |TAMS 0x0000000718400000, 0x0000000718400000| Untracked 
| 349|0x0000000718500000, 0x0000000718500000, 0x0000000718600000|  0%| F|  |TAMS 0x0000000718500000, 0x0000000718500000| Untracked 
| 350|0x0000000718600000, 0x0000000718600000, 0x0000000718700000|  0%| F|  |TAMS 0x0000000718600000, 0x0000000718600000| Untracked 
| 351|0x0000000718700000, 0x0000000718700000, 0x0000000718800000|  0%| F|  |TAMS 0x0000000718700000, 0x0000000718700000| Untracked 
| 352|0x0000000718800000, 0x0000000718800000, 0x0000000718900000|  0%| F|  |TAMS 0x0000000718800000, 0x0000000718800000| Untracked 
| 353|0x0000000718900000, 0x0000000718900000, 0x0000000718a00000|  0%| F|  |TAMS 0x0000000718900000, 0x0000000718900000| Untracked 
| 354|0x0000000718a00000, 0x0000000718a00000, 0x0000000718b00000|  0%| F|  |TAMS 0x0000000718a00000, 0x0000000718a00000| Untracked 
| 355|0x0000000718b00000, 0x0000000718b00000, 0x0000000718c00000|  0%| F|  |TAMS 0x0000000718b00000, 0x0000000718b00000| Untracked 
| 356|0x0000000718c00000, 0x0000000718c00000, 0x0000000718d00000|  0%| F|  |TAMS 0x0000000718c00000, 0x0000000718c00000| Untracked 
| 357|0x0000000718d00000, 0x0000000718d00000, 0x0000000718e00000|  0%| F|  |TAMS 0x0000000718d00000, 0x0000000718d00000| Untracked 
| 358|0x0000000718e00000, 0x0000000718e00000, 0x0000000718f00000|  0%| F|  |TAMS 0x0000000718e00000, 0x0000000718e00000| Untracked 
| 359|0x0000000718f00000, 0x0000000718f00000, 0x0000000719000000|  0%| F|  |TAMS 0x0000000718f00000, 0x0000000718f00000| Untracked 
| 360|0x0000000719000000, 0x0000000719000000, 0x0000000719100000|  0%| F|  |TAMS 0x0000000719000000, 0x0000000719000000| Untracked 
| 361|0x0000000719100000, 0x0000000719100000, 0x0000000719200000|  0%| F|  |TAMS 0x0000000719100000, 0x0000000719100000| Untracked 
| 362|0x0000000719200000, 0x0000000719200800, 0x0000000719300000|  0%| E|  |TAMS 0x0000000719200000, 0x0000000719200000| Complete 
| 363|0x0000000719300000, 0x0000000719400000, 0x0000000719400000|100%| E|CS|TAMS 0x0000000719300000, 0x0000000719300000| Complete 
| 364|0x0000000719400000, 0x0000000719500000, 0x0000000719500000|100%| E|CS|TAMS 0x0000000719400000, 0x0000000719400000| Complete 
| 365|0x0000000719500000, 0x0000000719600000, 0x0000000719600000|100%| E|CS|TAMS 0x0000000719500000, 0x0000000719500000| Complete 

Card table byte_map: [0x0000025afb000000,0x0000025afb7f0000] _byte_map_base: 0x0000025af77ec000

Marking Bits (Prev, Next): (CMBitMap*) 0x0000025af214c048, (CMBitMap*) 0x0000025af214c080
 Prev Bits: [0x0000025afbfe0000, 0x0000025afff40000)
 Next Bits: [0x0000025a8f000000, 0x0000025a92f60000)

Polling page: 0x0000025af0030000

Metaspace:

Usage:
  Non-class:     51.56 MB capacity,    50.19 MB ( 97%) used,     1.11 MB (  2%) free+waste,   267.63 KB ( <1%) overhead. 
      Class:      8.12 MB capacity,     7.22 MB ( 89%) used,   783.26 KB (  9%) free+waste,   132.31 KB (  2%) overhead. 
       Both:     59.68 MB capacity,    57.41 MB ( 96%) used,     1.88 MB (  3%) free+waste,   399.94 KB ( <1%) overhead. 

Virtual space:
  Non-class space:       52.00 MB reserved,      51.81 MB (>99%) committed 
      Class space:        1.00 GB reserved,       8.18 MB ( <1%) committed 
             Both:        1.05 GB reserved,      59.99 MB (  6%) committed 

Chunk freelists:
   Non-Class:  5.88 KB
       Class:  1.25 KB
        Both:  7.13 KB

CodeHeap 'non-profiled nmethods': size=238336Kb used=12305Kb max_used=12337Kb free=226030Kb
 bounds [0x0000025a80740000, 0x0000025a81350000, 0x0000025a8f000000]
CodeHeap 'non-nmethods': size=7424Kb used=1257Kb max_used=1257Kb free=6166Kb
 bounds [0x0000025a80000000, 0x0000025a80270000, 0x0000025a80740000]
 total_blobs=7601 nmethods=6980 adapters=546
 compilation: enabled
              stopped_count=0, restarted_count=0
 full_count=0

Compilation events (10 events):
Event: 9.751 Thread 0x0000025a96412000 6986       1       org.apache.tomcat.util.http.MimeHeaderField::getName (5 bytes)
Event: 9.751 Thread 0x0000025a96412000 nmethod 6986 0x0000025a807a3610 code [0x0000025a807a37a0, 0x0000025a807a38b8]
Event: 9.754 Thread 0x0000025a96412000 6987 %     1       java.util.Properties$LineReader::readLine @ 293 (584 bytes)
Event: 9.755 Thread 0x0000025a96412000 nmethod 6987% 0x0000025a81346290 code [0x0000025a81346520, 0x0000025a81347940]
Event: 9.757 Thread 0x0000025a96412000 6988       1       org.springframework.boot.ansi.AnsiStyle::toString (5 bytes)
Event: 9.757 Thread 0x0000025a96412000 nmethod 6988 0x0000025a807b5210 code [0x0000025a807b53a0, 0x0000025a807b54b8]
Event: 9.758 Thread 0x0000025a96412000 6989       1       java.util.ArrayList::sort (45 bytes)
Event: 9.758 Thread 0x0000025a96412000 nmethod 6989 0x0000025a807b4d90 code [0x0000025a807b4f40, 0x0000025a807b5120]
Event: 9.758 Thread 0x0000025a96412000 6990       1       java.util.concurrent.ConcurrentHashMap::isEmpty (15 bytes)
Event: 9.758 Thread 0x0000025a96412000 nmethod 6990 0x0000025a807b4a10 code [0x0000025a807b4bc0, 0x0000025a807b4d10]

GC Heap History (10 events):
Event: 2.860 GC heap before
{Heap before GC invocations=8 (full 0):
 garbage-first heap   total 260096K, used 163910K [0x0000000702800000, 0x0000000800000000)
  region size 1024K, 152 young (155648K), 16 survivors (16384K)
 Metaspace       used 47002K, capacity 48511K, committed 48848K, reserved 1091584K
  class space    used 5726K, capacity 6330K, committed 6432K, reserved 1048576K
}
Event: 2.869 GC heap after
{Heap after GC invocations=9 (full 0):
 garbage-first heap   total 312320K, used 26454K [0x0000000702800000, 0x0000000800000000)
  region size 1024K, 10 young (10240K), 10 survivors (10240K)
 Metaspace       used 47002K, capacity 48511K, committed 48848K, reserved 1091584K
  class space    used 5726K, capacity 6330K, committed 6432K, reserved 1048576K
}
Event: 3.060 GC heap before
{Heap before GC invocations=9 (full 0):
 garbage-first heap   total 312320K, used 203606K [0x0000000702800000, 0x0000000800000000)
  region size 1024K, 183 young (187392K), 10 survivors (10240K)
 Metaspace       used 47310K, capacity 48832K, committed 49104K, reserved 1091584K
  class space    used 5738K, capacity 6330K, committed 6432K, reserved 1048576K
}
Event: 3.065 GC heap after
{Heap after GC invocations=10 (full 0):
 garbage-first heap   total 312320K, used 27787K [0x0000000702800000, 0x0000000800000000)
  region size 1024K, 11 young (11264K), 11 survivors (11264K)
 Metaspace       used 47310K, capacity 48832K, committed 49104K, reserved 1091584K
  class space    used 5738K, capacity 6330K, committed 6432K, reserved 1048576K
}
Event: 3.220 GC heap before
{Heap before GC invocations=10 (full 0):
 garbage-first heap   total 312320K, used 203915K [0x0000000702800000, 0x0000000800000000)
  region size 1024K, 183 young (187392K), 11 survivors (11264K)
 Metaspace       used 47411K, capacity 48896K, committed 49104K, reserved 1091584K
  class space    used 5751K, capacity 6330K, committed 6432K, reserved 1048576K
}
Event: 3.225 GC heap after
{Heap after GC invocations=11 (full 0):
 garbage-first heap   total 312320K, used 29141K [0x0000000702800000, 0x0000000800000000)
  region size 1024K, 12 young (12288K), 12 survivors (12288K)
 Metaspace       used 47411K, capacity 48896K, committed 49104K, reserved 1091584K
  class space    used 5751K, capacity 6330K, committed 6432K, reserved 1048576K
}
Event: 4.099 GC heap before
{Heap before GC invocations=11 (full 0):
 garbage-first heap   total 312320K, used 204245K [0x0000000702800000, 0x0000000800000000)
  region size 1024K, 183 young (187392K), 12 survivors (12288K)
 Metaspace       used 54391K, capacity 56165K, committed 56272K, reserved 1097728K
  class space    used 6723K, capacity 7401K, committed 7456K, reserved 1048576K
}
Event: 4.108 GC heap after
{Heap after GC invocations=12 (full 0):
 garbage-first heap   total 312320K, used 36309K [0x0000000702800000, 0x0000000800000000)
  region size 1024K, 19 young (19456K), 19 survivors (19456K)
 Metaspace       used 54391K, capacity 56165K, committed 56272K, reserved 1097728K
  class space    used 6723K, capacity 7401K, committed 7456K, reserved 1048576K
}
Event: 9.759 GC heap before
{Heap before GC invocations=12 (full 0):
 garbage-first heap   total 312320K, used 75221K [0x0000000702800000, 0x0000000800000000)
  region size 1024K, 58 young (59392K), 19 survivors (19456K)
 Metaspace       used 58247K, capacity 60475K, committed 60508K, reserved 1101824K
  class space    used 7324K, capacity 8205K, committed 8224K, reserved 1048576K
}
Event: 9.771 GC heap after
{Heap after GC invocations=13 (full 0):
 garbage-first heap   total 374784K, used 37661K [0x0000000702800000, 0x0000000800000000)
  region size 1024K, 13 young (13312K), 13 survivors (13312K)
 Metaspace       used 58247K, capacity 60475K, committed 60508K, reserved 1101824K
  class space    used 7324K, capacity 8205K, committed 8224K, reserved 1048576K
}

Deoptimization events (0 events):
No events

Classes redefined (0 events):
No events

Internal exceptions (10 events):
Event: 4.275 Thread 0x0000025af20e9800 Exception <a 'java/lang/ClassNotFoundException'{0x0000000714018f80}: > (0x0000000714018f80) thrown at [./open/src/hotspot/share/prims/jni.cpp, line 632]
Event: 4.276 Thread 0x0000025af20e9800 Exception <a 'java/lang/ClassNotFoundException'{0x000000071402f9d8}: > (0x000000071402f9d8) thrown at [./open/src/hotspot/share/prims/jni.cpp, line 632]
Event: 4.276 Thread 0x0000025af20e9800 Exception <a 'java/lang/ClassNotFoundException'{0x0000000714034680}: > (0x0000000714034680) thrown at [./open/src/hotspot/share/prims/jni.cpp, line 632]
Event: 4.276 Thread 0x0000025af20e9800 Exception <a 'java/lang/ClassNotFoundException'{0x0000000714039368}: > (0x0000000714039368) thrown at [./open/src/hotspot/share/prims/jni.cpp, line 632]
Event: 4.279 Thread 0x0000025af20e9800 Exception <a 'java/lang/ClassNotFoundException'{0x0000000714086c60}: > (0x0000000714086c60) thrown at [./open/src/hotspot/share/prims/jni.cpp, line 632]
Event: 4.279 Thread 0x0000025af20e9800 Exception <a 'java/lang/ClassNotFoundException'{0x000000071408c628}: > (0x000000071408c628) thrown at [./open/src/hotspot/share/prims/jni.cpp, line 632]
Event: 4.280 Thread 0x0000025af20e9800 Exception <a 'java/lang/ClassNotFoundException'{0x00000007140a2360}: > (0x00000007140a2360) thrown at [./open/src/hotspot/share/prims/jni.cpp, line 632]
Event: 4.280 Thread 0x0000025af20e9800 Exception <a 'java/lang/ClassNotFoundException'{0x00000007140a6d38}: > (0x00000007140a6d38) thrown at [./open/src/hotspot/share/prims/jni.cpp, line 632]
Event: 4.288 Thread 0x0000025af20e9800 Exception <a 'java/lang/ClassNotFoundException'{0x0000000713f49c58}: com/ew/gerocomium/dao/query/account/SendCodeQueryBeanInfo> (0x0000000713f49c58) thrown at [./open/src/hotspot/share/classfile/systemDictionary.cpp, line 228]
Event: 4.288 Thread 0x0000025af20e9800 Exception <a 'java/lang/ClassNotFoundException'{0x0000000713f5da20}: com/ew/gerocomium/dao/query/account/SendCodeQueryCustomizer> (0x0000000713f5da20) thrown at [./open/src/hotspot/share/classfile/systemDictionary.cpp, line 228]

Events (10 events):
Event: 9.774 loading class org/springframework/context/i18n/LocaleContextHolder
Event: 9.774 loading class org/springframework/context/i18n/LocaleContextHolder done
Event: 9.774 loading class org/springframework/core/NamedInheritableThreadLocal
Event: 9.774 loading class org/springframework/core/NamedInheritableThreadLocal done
Event: 9.774 loading class org/springframework/context/i18n/SimpleLocaleContext
Event: 9.774 loading class org/springframework/context/i18n/SimpleLocaleContext done
Event: 9.774 loading class javax/faces/context/FacesContext
Event: 9.774 loading class javax/faces/context/FacesContext done
Event: 9.775 loading class javax/faces/context$FacesContext
Event: 9.775 loading class javax/faces/context$FacesContext done


Dynamic libraries:
0x00007ff6f9bd0000 - 0x00007ff6f9bdf000 	D:\Java\jdk-11.0.8\bin\java.exe
0x00007ff9be1f0000 - 0x00007ff9be404000 	C:\WINDOWS\SYSTEM32\ntdll.dll
0x00007ff9bcfc0000 - 0x00007ff9bd083000 	C:\WINDOWS\System32\KERNEL32.DLL
0x00007ff9bb780000 - 0x00007ff9bbb1d000 	C:\WINDOWS\System32\KERNELBASE.dll
0x00007ff9bbe40000 - 0x00007ff9bbf51000 	C:\WINDOWS\System32\ucrtbase.dll
0x00007ff99bab0000 - 0x00007ff99bac8000 	D:\Java\jdk-11.0.8\bin\jli.dll
0x00007ff99ba90000 - 0x00007ff99baa5000 	D:\Java\jdk-11.0.8\bin\VCRUNTIME140.dll
0x00007ff9bc510000 - 0x00007ff9bc5be000 	C:\WINDOWS\System32\ADVAPI32.dll
0x00007ff9bd250000 - 0x00007ff9bd2f7000 	C:\WINDOWS\System32\msvcrt.dll
0x00007ff9bd110000 - 0x00007ff9bd1b4000 	C:\WINDOWS\System32\sechost.dll
0x00007ff9be090000 - 0x00007ff9be1a5000 	C:\WINDOWS\System32\RPCRT4.dll
0x00007ff9bdee0000 - 0x00007ff9be08d000 	C:\WINDOWS\System32\USER32.dll
0x00007ff9bbbe0000 - 0x00007ff9bbc06000 	C:\WINDOWS\System32\win32u.dll
0x00007ff9ba830000 - 0x00007ff9baabe000 	C:\WINDOWS\WinSxS\amd64_microsoft.windows.common-controls_6595b64144ccf1df_6.0.22621.608_none_a9444ca7c10bb01d\COMCTL32.dll
0x00007ff9bd210000 - 0x00007ff9bd239000 	C:\WINDOWS\System32\GDI32.dll
0x00007ff9bbd20000 - 0x00007ff9bbe32000 	C:\WINDOWS\System32\gdi32full.dll
0x00007ff9bbc80000 - 0x00007ff9bbd1a000 	C:\WINDOWS\System32\msvcp_win.dll
0x00007ff9af070000 - 0x00007ff9af07a000 	C:\WINDOWS\SYSTEM32\VERSION.dll
0x00007ff9bcf80000 - 0x00007ff9bcfb2000 	C:\WINDOWS\System32\IMM32.DLL
0x00007ff97f5d0000 - 0x00007ff97f66b000 	D:\Java\jdk-11.0.8\bin\msvcp140.dll
0x00007ff94f480000 - 0x00007ff94ff66000 	D:\Java\jdk-11.0.8\bin\server\jvm.dll
0x00007ff9bd350000 - 0x00007ff9bd358000 	C:\WINDOWS\System32\PSAPI.DLL
0x00007ff9afb80000 - 0x00007ff9afbb4000 	C:\WINDOWS\SYSTEM32\WINMM.dll
0x00007ff9a2440000 - 0x00007ff9a2449000 	C:\WINDOWS\SYSTEM32\WSOCK32.dll
0x00007ff9bd360000 - 0x00007ff9bd3d1000 	C:\WINDOWS\System32\WS2_32.dll
0x00007ff9b9e50000 - 0x00007ff9b9e68000 	C:\WINDOWS\SYSTEM32\kernel.appcore.dll
0x00007ff99ba80000 - 0x00007ff99ba90000 	D:\Java\jdk-11.0.8\bin\verify.dll
0x00007ff9baf80000 - 0x00007ff9bb1ae000 	C:\WINDOWS\SYSTEM32\DBGHELP.DLL
0x00007ff9bc5c0000 - 0x00007ff9bc94a000 	C:\WINDOWS\System32\combase.dll
0x00007ff9bdc90000 - 0x00007ff9bdd67000 	C:\WINDOWS\System32\OLEAUT32.dll
0x00007ff9badf0000 - 0x00007ff9bae22000 	C:\WINDOWS\SYSTEM32\dbgcore.DLL
0x00007ff9bbf60000 - 0x00007ff9bbfdb000 	C:\WINDOWS\System32\bcryptPrimitives.dll
0x00007ff99ba50000 - 0x00007ff99ba78000 	D:\Java\jdk-11.0.8\bin\java.dll
0x00007ff99ba40000 - 0x00007ff99ba4a000 	D:\Java\jdk-11.0.8\bin\jimage.dll
0x00007ff9bae60000 - 0x00007ff9bae6e000 	D:\Java\jdk-11.0.8\bin\instrument.dll
0x00007ff99ba20000 - 0x00007ff99ba36000 	D:\Java\jdk-11.0.8\bin\zip.dll
0x00007ff9bd4a0000 - 0x00007ff9bdc8f000 	C:\WINDOWS\System32\SHELL32.dll
0x00007ff9b8df0000 - 0x00007ff9b96b8000 	C:\WINDOWS\SYSTEM32\windows.storage.dll
0x00007ff9b8cb0000 - 0x00007ff9b8dee000 	C:\WINDOWS\SYSTEM32\wintypes.dll
0x00007ff9bbfe0000 - 0x00007ff9bc0d1000 	C:\WINDOWS\System32\SHCORE.dll
0x00007ff9bdd80000 - 0x00007ff9bddde000 	C:\WINDOWS\System32\shlwapi.dll
0x00007ff9bb540000 - 0x00007ff9bb561000 	C:\WINDOWS\SYSTEM32\profapi.dll
0x00007ff99ba00000 - 0x00007ff99ba19000 	D:\Java\jdk-11.0.8\bin\net.dll
0x00007ff9b1b60000 - 0x00007ff9b1c8f000 	C:\WINDOWS\SYSTEM32\WINHTTP.dll
0x00007ff9ba2b0000 - 0x00007ff9ba319000 	C:\WINDOWS\system32\mswsock.dll
0x00007ff99b9e0000 - 0x00007ff99b9f2000 	D:\Java\jdk-11.0.8\bin\nio.dll
0x00007ff9b2c00000 - 0x00007ff9b2c1a000 	D:\Java\idea-2021.2\idea\IntelliJ IDEA 2021.3.2\bin\breakgen64.dll
0x00007ff9b99f0000 - 0x00007ff9b9ae2000 	C:\WINDOWS\SYSTEM32\DNSAPI.dll
0x00007ff9b9980000 - 0x00007ff9b99ad000 	C:\WINDOWS\SYSTEM32\IPHLPAPI.DLL
0x00007ff9bd1c0000 - 0x00007ff9bd1c9000 	C:\WINDOWS\System32\NSI.dll
0x00007ff9ae310000 - 0x00007ff9ae31a000 	C:\Windows\System32\rasadhlp.dll
0x00007ff9ad460000 - 0x00007ff9ad4e3000 	C:\WINDOWS\System32\fwpuclnt.dll
0x00007ff9b2c30000 - 0x00007ff9b2c39000 	D:\Java\jdk-11.0.8\bin\management.dll
0x00007ff9b2c20000 - 0x00007ff9b2c2b000 	D:\Java\jdk-11.0.8\bin\management_ext.dll
0x00007ff9bb2a0000 - 0x00007ff9bb2bb000 	C:\WINDOWS\SYSTEM32\CRYPTSP.dll
0x00007ff9ba1d0000 - 0x00007ff9ba205000 	C:\WINDOWS\system32\rsaenh.dll
0x00007ff9ba540000 - 0x00007ff9ba568000 	C:\WINDOWS\SYSTEM32\USERENV.dll
0x00007ff9baec0000 - 0x00007ff9baee8000 	C:\WINDOWS\SYSTEM32\bcrypt.dll
0x00007ff9ba6a0000 - 0x00007ff9ba6ac000 	C:\WINDOWS\SYSTEM32\CRYPTBASE.dll
0x00007ff9ae630000 - 0x00007ff9ae649000 	C:\WINDOWS\SYSTEM32\dhcpcsvc6.DLL
0x00007ff9ae4a0000 - 0x00007ff9ae4bf000 	C:\WINDOWS\SYSTEM32\dhcpcsvc.DLL
0x00007ff9963c0000 - 0x00007ff9963d7000 	C:\WINDOWS\system32\napinsp.dll
0x00007ff995d90000 - 0x00007ff995dab000 	C:\WINDOWS\system32\pnrpnsp.dll
0x00007ff995c70000 - 0x00007ff995c81000 	C:\WINDOWS\System32\winrnr.dll
0x00007ff995c50000 - 0x00007ff995c65000 	C:\WINDOWS\system32\wshbth.dll
0x00007ff995c20000 - 0x00007ff995c41000 	C:\WINDOWS\system32\nlansp_c.dll
0x0000000180000000 - 0x0000000180286000 	D:\Tomcat 9.0\Tomcat_Software\bin\tcnative-1.dll
0x00007ff9bb610000 - 0x00007ff9bb776000 	C:\WINDOWS\System32\CRYPT32.dll

dbghelp: loaded successfully - version: 4.0.5 - missing functions: none
symbol engine: initialized successfully - sym options: 0x614 - pdb path: .;D:\Java\jdk-11.0.8\bin;C:\WINDOWS\SYSTEM32;C:\WINDOWS\WinSxS\amd64_microsoft.windows.common-controls_6595b64144ccf1df_6.0.22621.608_none_a9444ca7c10bb01d;D:\Java\jdk-11.0.8\bin\server;D:\Java\idea-2021.2\idea\IntelliJ IDEA 2021.3.2\bin;D:\Tomcat 9.0\Tomcat_Software\bin

VM Arguments:
jvm_args: -XX:TieredStopAtLevel=1 -Xverify:none -Dspring.output.ansi.enabled=always -Dcom.sun.management.jmxremote -Dspring.jmx.enabled=true -Dspring.liveBeansView.mbeanDomain -Dspring.application.admin.enabled=true -javaagent:D:\Java\idea-2021.2\idea\IntelliJ IDEA 2021.3.2\lib\idea_rt.jar=52932:D:\Java\idea-2021.2\idea\IntelliJ IDEA 2021.3.2\bin -Dfile.encoding=UTF-8 
java_command: com.ew.gerocomium.GerocomiumApplication
java_class_path (initial): D:\Java\idea-2021.2\idea-javaee-workspace\gerocomium\target\classes;D:\Java\maven-3.8.4\tools\repository\org\springframework\boot\spring-boot-starter-security\2.6.1\spring-boot-starter-security-2.6.1.jar;D:\Java\maven-3.8.4\tools\repository\org\springframework\boot\spring-boot-starter\2.6.1\spring-boot-starter-2.6.1.jar;D:\Java\maven-3.8.4\tools\repository\org\springframework\boot\spring-boot\2.6.1\spring-boot-2.6.1.jar;D:\Java\maven-3.8.4\tools\repository\org\springframework\boot\spring-boot-starter-logging\2.6.1\spring-boot-starter-logging-2.6.1.jar;D:\Java\maven-3.8.4\tools\repository\ch\qos\logback\logback-classic\1.2.7\logback-classic-1.2.7.jar;D:\Java\maven-3.8.4\tools\repository\ch\qos\logback\logback-core\1.2.7\logback-core-1.2.7.jar;D:\Java\maven-3.8.4\tools\repository\org\apache\logging\log4j\log4j-to-slf4j\2.14.1\log4j-to-slf4j-2.14.1.jar;D:\Java\maven-3.8.4\tools\repository\org\apache\logging\log4j\log4j-api\2.14.1\log4j-api-2.14.1.jar;D:\Java\maven-3.8.4\tools\repository\org\slf4j\jul-to-slf4j\1.7.32\jul-to-slf4j-1.7.32.jar;D:\Java\maven-3.8.4\tools\repository\jakarta\annotation\jakarta.annotation-api\1.3.5\jakarta.annotation-api-1.3.5.jar;D:\Java\maven-3.8.4\tools\repository\org\yaml\snakeyaml\1.29\snakeyaml-1.29.jar;D:\Java\maven-3.8.4\tools\repository\org\springframework\spring-aop\5.3.13\spring-aop-5.3.13.jar;D:\Java\maven-3.8.4\tools\repository\org\springframework\spring-beans\5.3.13\spring-beans-5.3.13.jar;D:\Java\maven-3.8.4\tools\repository\org\springframework\security\spring-security-config\5.6.0\spring-security-config-5.6.0.jar;D:\Java\maven-3.8.4\tools\repository\org\springframework\security\spring-security-core\5.6.0\spring-security-core-5.6.0.jar;D:\Java\maven-3.8.4\tools\repository\org\springframework\security\spring-security-crypto\5.6.0\spring-security-crypto-5.6.0.jar;D:\Java\maven-3.8.4\tools\repository\org\springframework\spring-context\5.3.13\spring-context-5.3.13.jar;D:\Java\maven-3.8.4\tools\repository\
Launcher Type: SUN_STANDARD

[Global flags]
     bool BytecodeVerificationLocal                = false                                     {product} {command line}
     bool BytecodeVerificationRemote               = false                                     {product} {command line}
     intx CICompilerCount                          = 4                                         {product} {ergonomic}
     uint ConcGCThreads                            = 2                                         {product} {ergonomic}
     uint G1ConcRefinementThreads                  = 8                                         {product} {ergonomic}
   size_t G1HeapRegionSize                         = 1048576                                   {product} {ergonomic}
    uintx GCDrainStackTargetSize                   = 64                                        {product} {ergonomic}
   size_t InitialHeapSize                          = 266338304                                 {product} {ergonomic}
     bool ManagementServer                         = true                                      {product} {command line}
   size_t MarkStackSize                            = 4194304                                   {product} {ergonomic}
   size_t MaxHeapSize                              = 4253024256                                {product} {ergonomic}
   size_t MaxNewSize                               = 2551185408                                {product} {ergonomic}
   size_t MinHeapDeltaBytes                        = 1048576                                   {product} {ergonomic}
    uintx NonNMethodCodeHeapSize                   = 7549744                                {pd product} {ergonomic}
    uintx NonProfiledCodeHeapSize                  = 244108496                              {pd product} {ergonomic}
    uintx ProfiledCodeHeapSize                     = 0                                      {pd product} {ergonomic}
    uintx ReservedCodeCacheSize                    = 251658240                              {pd product} {ergonomic}
     bool SegmentedCodeCache                       = true                                      {product} {ergonomic}
     intx TieredStopAtLevel                        = 1                                         {product} {command line}
     bool UseCompressedClassPointers               = true                                 {lp64_product} {ergonomic}
     bool UseCompressedOops                        = true                                 {lp64_product} {ergonomic}
     bool UseG1GC                                  = true                                      {product} {ergonomic}
     bool UseLargePagesIndividualAllocation        = false                                  {pd product} {ergonomic}

Logging:
Log output configuration:
 #0: stdout all=warning uptime,level,tags
 #1: stderr all=off uptime,level,tags

Environment Variables:
JAVA_HOME=D:\Java\jdk-1.8.0
CLASSPATH=.;D:\Java\jdk-1.8.0\lib\dt.jar;D:\Java\jdk-1.8.0\lib\tools.jar;
PATH=C:\Windows;C:\Windows\system32;C:\Windows\System32\Wbem;C:\Windows\System32\OpenSSH\;C:\Windows\System32\WindowsPowerShell\v1.0\;C:\Program Files\MySQL\MySQL Utilities 1.6\;C:\Program Files\MySQL\MySQL Shell 8.0\bin;C:\Program Files\MySQL\MySQL Server 8.0\bin;C:\Program Files\MySQL\MySQL Router 8.0\bin;C:\Program Files\NVIDIA Corporation\NVIDIA NvDLISR;C:\Program Files (x86)\NVIDIA Corporation\PhysX\Common;C:\WINDOWS;C:\WINDOWS\system32;C:\WINDOWS\System32\Wbem;C:\WINDOWS\System32\OpenSSH\;C:\WINDOWS\System32\WindowsPowerShell\v1.0\;D:\Java\jdk-1.8.0\bin;D:\Java\jdk-1.8.0\jre\bin;D:\Tomcat 9.0\Tomcat_Software\bin;D:\Tomcat 9.0\Tomcat_Software\lib;D:\Java\maven-3.8.4\bin;D:\VS Code\bin;D:\NodeJs\nodejs;D:\Redis\redis-3.2.1\;D:\Git\TortoiseGit\bin;D:\Git\Git_Software\cmd;D:\GoLand\GoLand_SDK\go1.17.1\bin;D:\AndroidStudio\AndroidStudio_SDK\platform-tools;D:\WeChatDeveloperTools\WeChatDeveloperTools-Software\微信web开发者工具\dll;D:\Putty\Software\;C:\Users\Emperor Wen\AppData\Local\Microsoft\WindowsApps;C:\Users\Emperor Wen\AppData\Roaming\npm;
USERNAME=Emperor-Wen
OS=Windows_NT
PROCESSOR_IDENTIFIER=Intel64 Family 6 Model 142 Stepping 12, GenuineIntel



---------------  S Y S T E M  ---------------

OS: Windows 10 , 64 bit Build 22621 (10.0.22621.963)

CPU:total 8 (initial active 8) (4 cores per cpu, 2 threads per core) family 6 model 142 stepping 12, cmov, cx8, fxsr, mmx, sse, sse2, sse3, ssse3, sse4.1, sse4.2, popcnt, avx, avx2, aes, clmul, erms, 3dnowpref, lzcnt, ht, tsc, tscinvbit, bmi1, bmi2, adx, fma

Memory: 4k page, system-wide physical 16217M (6212M free)
TotalPageFile size 30553M (AvailPageFile size 16410M)
current process WorkingSet (physical memory assigned to process): 381M, peak: 381M
current process commit charge ("private bytes"): 550M, peak: 550M

vm_info: Java HotSpot(TM) 64-Bit Server VM (11.0.8+10-LTS) for windows-amd64 JRE (11.0.8+10-LTS), built on Jun 16 2020 05:53:08 by "mach5one" with unknown MS VC++:1916

END.
